15-04-2022 13:15:20 INFO     client.py   Запущен клиент cli8 с параметрами: адрес сервера: 127.0.0.1, порт: 7777
15-04-2022 13:15:20 DEBUG    client.py   Сформировано presence сообщение для пользователя cli8
15-04-2022 13:15:21 INFO     client.py   Установлено соединение с сервером. Ответ сервера: 200 : OK
15-04-2022 13:15:21 DEBUG    client.py   Запрос списка известных пользователей cli8
15-04-2022 13:16:44 INFO     client.py   Запущен клиент cli9 с параметрами: адрес сервера: 127.0.0.1, порт: 7777
15-04-2022 13:16:44 DEBUG    client.py   Сформировано presence сообщение для пользователя cli9
15-04-2022 13:16:44 INFO     client.py   Установлено соединение с сервером. Ответ сервера: 200 : OK
15-04-2022 13:32:40 DEBUG    client.py   Запрос списка известных пользователей cli9
15-04-2022 23:04:42 INFO     client.py   Запущен клиент cli3 с параметрами: адрес сервера: 127.0.0.1, порт: 7777
15-04-2022 23:04:42 DEBUG    client.py   Сформировано presence сообщение для пользователя cli3
15-04-2022 23:04:42 INFO     client.py   Установлено соединение с сервером. Ответ сервера: 200 : OK
15-04-2022 23:04:42 DEBUG    client.py   Запрос списка известных пользователей cli3
15-04-2022 23:05:49 INFO     client.py   Запущен клиент cli8 с параметрами: адрес сервера: 127.0.0.1, порт: 7777
15-04-2022 23:05:49 DEBUG    client.py   Сформировано presence сообщение для пользователя cli8
15-04-2022 23:05:49 INFO     client.py   Установлено соединение с сервером. Ответ сервера: 200 : OK
15-04-2022 23:07:57 INFO     client.py   Запущен клиент nli9 с параметрами: адрес сервера: 127.0.0.1, порт: 7777
15-04-2022 23:07:57 DEBUG    client.py   Сформировано presence сообщение для пользователя nli9
15-04-2022 23:07:57 INFO     client.py   Установлено соединение с сервером. Ответ сервера: 200 : OK
15-04-2022 23:07:57 DEBUG    client.py   Запущены процессы
15-04-2022 23:33:46 CRITICAL client.py   Потеряно соединение с сервером.
15-04-2022 23:36:11 INFO     client.py   Запущен клиент ghy с параметрами: адрес сервера: 127.0.0.1, порт: 7777
15-04-2022 23:36:11 DEBUG    client.py   Сформировано presence сообщение для пользователя ghy
15-04-2022 23:36:11 INFO     client.py   Установлено соединение с сервером. Ответ сервера: 200 : OK
15-04-2022 23:36:11 DEBUG    client.py   Запущены процессы
15-04-2022 23:36:21 INFO     client.py   Запущен клиент kko с параметрами: адрес сервера: 127.0.0.1, порт: 7777
15-04-2022 23:36:21 DEBUG    client.py   Сформировано presence сообщение для пользователя kko
15-04-2022 23:36:21 INFO     client.py   Установлено соединение с сервером. Ответ сервера: 200 : OK
15-04-2022 23:36:21 DEBUG    client.py   Запущены процессы
15-04-2022 23:37:26 INFO     client.py   Запущен клиент klo с параметрами: адрес сервера: 127.0.0.1, порт: 7777
15-04-2022 23:37:26 DEBUG    client.py   Сформировано presence сообщение для пользователя klo
15-04-2022 23:37:26 INFO     client.py   Установлено соединение с сервером. Ответ сервера: 200 : OK
15-04-2022 23:37:26 DEBUG    client.py   Запрос списка известных пользователей klo
15-04-2022 23:37:26 DEBUG    client.py   Запрос контакт-листа для пользователя klo
15-04-2022 23:37:26 DEBUG    client.py   Сформирован запрос {'action': 'get_contacts', 'time': 1650040646.656502, 'user': 'klo'}
15-04-2022 23:37:26 DEBUG    client.py   Получен ответ {'response': 202, 'data_list': []}
15-04-2022 23:37:26 DEBUG    client.py   Запущены процессы
16-04-2022 18:23:06 INFO     client.py   Запущен клиент cvb с параметрами: адрес сервера: 127.0.0.1, порт: 7777
16-04-2022 18:23:06 DEBUG    client.py   Сформировано presence сообщение для пользователя cvb
16-04-2022 18:23:06 INFO     client.py   Установлено соединение с сервером. Ответ сервера: 200 : OK
16-04-2022 18:23:06 DEBUG    client.py   Запрос списка известных пользователей cvb
16-04-2022 18:23:07 DEBUG    client.py   Запрос контакт-листа для пользователя cvb
16-04-2022 18:23:07 DEBUG    client.py   Сформирован запрос {'action': 'get_contacts', 'time': 1650108187.0315206, 'user': 'cvb'}
16-04-2022 18:23:07 DEBUG    client.py   Получен ответ {'response': 202, 'data_list': []}
16-04-2022 18:23:07 DEBUG    client.py   Запущены процессы
16-04-2022 18:23:13 INFO     client.py   Запущен клиент tyu с параметрами: адрес сервера: 127.0.0.1, порт: 7777
16-04-2022 18:23:13 DEBUG    client.py   Сформировано presence сообщение для пользователя tyu
16-04-2022 18:23:13 INFO     client.py   Установлено соединение с сервером. Ответ сервера: 200 : OK
16-04-2022 18:23:13 DEBUG    client.py   Запрос списка известных пользователей tyu
16-04-2022 18:23:13 DEBUG    client.py   Запрос контакт-листа для пользователя tyu
16-04-2022 18:23:13 DEBUG    client.py   Сформирован запрос {'action': 'get_contacts', 'time': 1650108193.532672, 'user': 'tyu'}
16-04-2022 18:23:13 DEBUG    client.py   Получен ответ {'response': 202, 'data_list': []}
16-04-2022 18:23:13 DEBUG    client.py   Запущены процессы
16-04-2022 18:23:20 INFO     client.py   Запущен клиент rtd с параметрами: адрес сервера: 127.0.0.1, порт: 7777
16-04-2022 18:23:20 DEBUG    client.py   Сформировано presence сообщение для пользователя rtd
16-04-2022 18:23:20 INFO     client.py   Установлено соединение с сервером. Ответ сервера: 200 : OK
16-04-2022 18:23:20 DEBUG    client.py   Запрос списка известных пользователей rtd
16-04-2022 18:23:20 DEBUG    client.py   Запрос контакт-листа для пользователя rtd
16-04-2022 18:23:20 DEBUG    client.py   Сформирован запрос {'action': 'get_contacts', 'time': 1650108200.9705832, 'user': 'rtd'}
16-04-2022 18:23:21 DEBUG    client.py   Получен ответ {'response': 202, 'data_list': []}
16-04-2022 18:23:21 DEBUG    client.py   Запущены процессы
16-04-2022 18:27:19 INFO     client.py   Запущен клиент hjk с параметрами: адрес сервера: 127.0.0.1, порт: 7777
16-04-2022 18:27:19 DEBUG    client.py   Сформировано presence сообщение для пользователя hjk
16-04-2022 18:27:20 INFO     client.py   Установлено соединение с сервером. Ответ сервера: 200 : OK
16-04-2022 18:27:20 DEBUG    client.py   Запрос списка известных пользователей hjk
16-04-2022 18:27:20 DEBUG    client.py   Запрос контакт-листа для пользователя hjk
16-04-2022 18:27:20 DEBUG    client.py   Сформирован запрос {'action': 'get_contacts', 'time': 1650108440.4439833, 'user': 'hjk'}
16-04-2022 18:27:20 DEBUG    client.py   Получен ответ {'response': 202, 'data_list': []}
16-04-2022 18:27:20 DEBUG    client.py   Запущены процессы
16-04-2022 18:27:28 INFO     client.py   Запущен клиент yui с параметрами: адрес сервера: 127.0.0.1, порт: 7777
16-04-2022 18:27:28 DEBUG    client.py   Сформировано presence сообщение для пользователя yui
16-04-2022 18:27:28 INFO     client.py   Установлено соединение с сервером. Ответ сервера: 200 : OK
16-04-2022 18:27:28 DEBUG    client.py   Запрос списка известных пользователей yui
16-04-2022 18:27:28 DEBUG    client.py   Запрос контакт-листа для пользователя yui
16-04-2022 18:27:28 DEBUG    client.py   Сформирован запрос {'action': 'get_contacts', 'time': 1650108448.6209624, 'user': 'yui'}
16-04-2022 18:27:28 DEBUG    client.py   Получен ответ {'response': 202, 'data_list': []}
16-04-2022 18:27:28 DEBUG    client.py   Запущены процессы
16-04-2022 18:33:17 INFO     client.py   Запущен клиент kji с параметрами: адрес сервера: 127.0.0.1, порт: 7777
16-04-2022 18:33:17 DEBUG    client.py   Сформировано presence сообщение для пользователя kji
16-04-2022 18:33:18 INFO     client.py   Установлено соединение с сервером. Ответ сервера: 200 : OK
16-04-2022 18:33:18 DEBUG    client.py   Запрос списка известных пользователей kji
16-04-2022 18:33:18 DEBUG    client.py   Запрос контакт-листа для пользователя kji
16-04-2022 18:33:18 DEBUG    client.py   Сформирован запрос {'action': 'get_contacts', 'time': 1650108798.2744887, 'user': 'kji'}
16-04-2022 18:33:18 DEBUG    client.py   Получен ответ {'response': 202, 'data_list': []}
16-04-2022 18:33:18 DEBUG    client.py   Запущены процессы
16-04-2022 18:33:25 INFO     client.py   Запущен клиент kju с параметрами: адрес сервера: 127.0.0.1, порт: 7777
16-04-2022 18:33:25 DEBUG    client.py   Сформировано presence сообщение для пользователя kju
16-04-2022 18:33:25 INFO     client.py   Установлено соединение с сервером. Ответ сервера: 200 : OK
16-04-2022 18:33:25 DEBUG    client.py   Запрос списка известных пользователей kju
16-04-2022 18:33:25 DEBUG    client.py   Запрос контакт-листа для пользователя kju
16-04-2022 18:33:25 DEBUG    client.py   Сформирован запрос {'action': 'get_contacts', 'time': 1650108805.773198, 'user': 'kju'}
16-04-2022 18:33:25 DEBUG    client.py   Получен ответ {'response': 202, 'data_list': []}
16-04-2022 18:33:25 DEBUG    client.py   Запущены процессы
16-04-2022 18:36:08 DEBUG    client.py   Сформирован словарь сообщения: {'action': 'message', 'from': 'kju', 'to': 'kji', 'time': 1650108963.4263103, 'mess_text': 'hallou'}
16-04-2022 18:37:45 INFO     client.py   Получено сообщение от пользователя kju:
hallou
16-04-2022 18:37:46 INFO     client.py   Отправлено сообщение для пользователя kji
16-04-2022 18:58:31 DEBUG    client.py   Создание контакта cli2
16-04-2022 19:04:59 INFO     client.py   Запущен клиент gorr с параметрами: адрес сервера: 127.0.0.1, порт: 7777
16-04-2022 19:04:59 DEBUG    client.py   Сформировано presence сообщение для пользователя gorr
16-04-2022 19:04:59 INFO     client.py   Установлено соединение с сервером. Ответ сервера: 200 : OK
16-04-2022 19:04:59 DEBUG    client.py   Запрос списка известных пользователей gorr
16-04-2022 19:04:59 DEBUG    client.py   Запрос контакт-листа для пользователя gorr
16-04-2022 19:04:59 DEBUG    client.py   Сформирован запрос {'action': 'get_contacts', 'time': 1650110699.9900434, 'user': 'gorr'}
16-04-2022 19:05:00 DEBUG    client.py   Получен ответ {'response': 202, 'data_list': []}
16-04-2022 19:05:00 DEBUG    client.py   Запущены процессы
16-04-2022 19:07:33 DEBUG    client.py   Создание контакта cli3
16-04-2022 22:21:46 INFO     client.py   Запущен клиент cli1 с параметрами: адрес сервера: 127.0.0.1, порт: 7777
16-04-2022 22:21:46 DEBUG    client.py   Сформировано presence сообщение для пользователя cli1
16-04-2022 22:22:03 INFO     client.py   Запущен клиент cli2 с параметрами: адрес сервера: 127.0.0.1, порт: 7777
16-04-2022 22:22:03 DEBUG    client.py   Сформировано presence сообщение для пользователя cli2
16-04-2022 22:24:09 CRITICAL client.py   Не удалось подключиться к серверу 127.0.0.1:7777, конечный компьютер отверг запрос на подключение.
16-04-2022 22:24:09 CRITICAL client.py   Не удалось подключиться к серверу 127.0.0.1:7777, конечный компьютер отверг запрос на подключение.
16-04-2022 22:25:13 INFO     client.py   Запущен клиент cli8 с параметрами: адрес сервера: 127.0.0.1, порт: 7777
16-04-2022 22:25:13 DEBUG    client.py   Сформировано presence сообщение для пользователя cli8
16-04-2022 22:25:14 INFO     client.py   Установлено соединение с сервером. Ответ сервера: 200 : OK
16-04-2022 22:25:14 DEBUG    client.py   Запрос списка известных пользователей cli8
16-04-2022 22:25:14 DEBUG    client.py   Запрос контакт-листа для пользователя cli8
16-04-2022 22:25:14 DEBUG    client.py   Сформирован запрос {'action': 'get_contacts', 'time': 1650122714.3036513, 'user': 'cli8'}
16-04-2022 22:25:14 DEBUG    client.py   Получен ответ {'response': 202, 'data_list': []}
16-04-2022 22:25:14 DEBUG    client.py   Запущены процессы
16-04-2022 22:25:29 INFO     client.py   Запущен клиент cli9 с параметрами: адрес сервера: 127.0.0.1, порт: 7777
16-04-2022 22:25:29 DEBUG    client.py   Сформировано presence сообщение для пользователя cli9
16-04-2022 22:25:29 INFO     client.py   Установлено соединение с сервером. Ответ сервера: 200 : OK
16-04-2022 22:25:29 DEBUG    client.py   Запрос списка известных пользователей cli9
16-04-2022 22:25:30 DEBUG    client.py   Запрос контакт-листа для пользователя cli9
16-04-2022 22:25:30 DEBUG    client.py   Сформирован запрос {'action': 'get_contacts', 'time': 1650122730.0539415, 'user': 'cli9'}
16-04-2022 22:25:30 DEBUG    client.py   Получен ответ {'response': 202, 'data_list': []}
16-04-2022 22:25:30 DEBUG    client.py   Запущены процессы
16-04-2022 22:25:58 DEBUG    client.py   Создание контакта cli1
16-04-2022 22:26:16 DEBUG    client.py   Создание контакта cli8
16-04-2022 22:26:58 DEBUG    client.py   Сформирован словарь сообщения: {'action': 'message', 'from': 'cli9', 'to': 'cli8', 'time': 1650122818.687469, 'mess_text': 'Gooogogogo'}
16-04-2022 22:26:58 INFO     client.py   Отправлено сообщение для пользователя cli8
16-04-2022 22:26:58 INFO     client.py   Получено сообщение от пользователя cli9:
Gooogogogo
17-04-2022 02:24:34 INFO     client.py   Запущен клиент cli3 с параметрами: адрес сервера: 127.0.0.1, порт: 7777
17-04-2022 02:24:34 DEBUG    client.py   Сформировано presence сообщение для пользователя cli3
17-04-2022 02:24:34 INFO     client.py   Установлено соединение с сервером. Ответ сервера: 200 : OK
17-04-2022 02:24:34 DEBUG    client.py   Запрос списка известных пользователей cli3
17-04-2022 02:24:34 DEBUG    client.py   Запрос контакт-листа для пользователя cli3
17-04-2022 02:24:34 DEBUG    client.py   Сформирован запрос {'action': 'get_contacts', 'time': 1650137074.8783586, 'user': 'cli3'}
17-04-2022 02:24:35 DEBUG    client.py   Получен ответ {'response': 202, 'data_list': []}
17-04-2022 02:26:48 INFO     client.py   Запущен клиент cli3 с параметрами: адрес сервера: 127.0.0.1, порт: 7777
17-04-2022 02:26:48 DEBUG    client.py   Сформировано presence сообщение для пользователя cli3
17-04-2022 02:26:48 ERROR    client.py   При установке соединения сервер вернул ошибку: 400 : Имя пользователя уже занято.
17-04-2022 02:27:17 INFO     client.py   Запущен клиент cfg2 с параметрами: адрес сервера: 127.0.0.1, порт: 7777
17-04-2022 02:27:17 DEBUG    client.py   Сформировано presence сообщение для пользователя cfg2
17-04-2022 02:27:17 INFO     client.py   Установлено соединение с сервером. Ответ сервера: 200 : OK
17-04-2022 02:27:17 DEBUG    client.py   Запрос списка известных пользователей cfg2
17-04-2022 02:27:17 DEBUG    client.py   Запрос контакт-листа для пользователя cfg2
17-04-2022 02:27:17 DEBUG    client.py   Сформирован запрос {'action': 'get_contacts', 'time': 1650137237.7297432, 'user': 'cfg2'}
17-04-2022 02:27:17 DEBUG    client.py   Получен ответ {'response': 202, 'data_list': []}
17-04-2022 02:27:17 DEBUG    client.py   Запущены процессы
17-04-2022 02:27:19 CRITICAL client.py   Потеряно соединение с сервером.
17-04-2022 02:30:49 INFO     client.py   Запущен клиент lnlj с параметрами: адрес сервера: 127.0.0.1, порт: 7777
17-04-2022 02:30:49 DEBUG    client.py   Сформировано presence сообщение для пользователя lnlj
17-04-2022 02:30:49 INFO     client.py   Установлено соединение с сервером. Ответ сервера: 200 : OK
17-04-2022 02:30:49 DEBUG    client.py   Запрос списка известных пользователей lnlj
17-04-2022 02:30:49 DEBUG    client.py   Запрос контакт-листа для пользователя lnlj
17-04-2022 02:30:49 DEBUG    client.py   Сформирован запрос {'action': 'get_contacts', 'time': 1650137449.346814, 'user': 'lnlj'}
17-04-2022 02:30:49 DEBUG    client.py   Получен ответ {'response': 202, 'data_list': []}
17-04-2022 02:30:49 DEBUG    client.py   Запущены процессы
17-04-2022 02:30:51 CRITICAL client.py   Потеряно соединение с сервером.
17-04-2022 02:35:16 INFO     client.py   Запущен клиент cli с параметрами: адрес сервера: 127.0.0.1, порт: 7777
17-04-2022 02:35:16 DEBUG    client.py   Сформировано presence сообщение для пользователя cli
17-04-2022 02:35:16 INFO     client.py   Установлено соединение с сервером. Ответ сервера: 200 : OK
17-04-2022 02:35:16 DEBUG    client.py   Запрос списка известных пользователей cli
17-04-2022 02:35:16 DEBUG    client.py   Запрос контакт-листа для пользователя cli
17-04-2022 02:35:16 DEBUG    client.py   Сформирован запрос {'action': 'get_contacts', 'time': 1650137716.8438597, 'user': 'cli'}
17-04-2022 02:35:17 DEBUG    client.py   Получен ответ {'response': 202, 'data_list': []}
17-04-2022 02:35:17 DEBUG    client.py   Запущены процессы
17-04-2022 02:35:19 CRITICAL client.py   Потеряно соединение с сервером.
17-04-2022 02:37:55 INFO     client.py   Запущен клиент hbhg с параметрами: адрес сервера: 127.0.0.1, порт: 7777
17-04-2022 02:37:55 DEBUG    client.py   Сформировано presence сообщение для пользователя hbhg
17-04-2022 02:37:55 INFO     client.py   Установлено соединение с сервером. Ответ сервера: 200 : OK
17-04-2022 02:37:55 DEBUG    client.py   Запрос списка известных пользователей hbhg
17-04-2022 02:37:55 DEBUG    client.py   Запрос контакт-листа для пользователя hbhg
17-04-2022 02:37:55 DEBUG    client.py   Сформирован запрос {'action': 'get_contacts', 'time': 1650137875.78009, 'user': 'hbhg'}
17-04-2022 02:37:55 DEBUG    client.py   Получен ответ {'response': 202, 'data_list': []}
17-04-2022 02:37:55 DEBUG    client.py   Запущены процессы
17-04-2022 02:37:57 CRITICAL client.py   Потеряно соединение с сервером.
17-04-2022 19:18:18 INFO     client.py   Запущен клиент hj с параметрами: адрес сервера: 127.0.0.1, порт: 7777
17-04-2022 19:18:18 DEBUG    client.py   Сформировано presence сообщение для пользователя hj
17-04-2022 19:18:18 INFO     client.py   Установлено соединение с сервером. Ответ сервера: 200 : OK
17-04-2022 19:18:18 DEBUG    client.py   Запрос списка известных пользователей hj
17-04-2022 19:18:18 DEBUG    client.py   Запрос контакт-листа для пользователя hj
17-04-2022 19:18:18 DEBUG    client.py   Сформирован запрос {'action': 'get_contacts', 'time': 1650197898.2522457, 'user': 'hj'}
17-04-2022 19:18:18 DEBUG    client.py   Получен ответ {'response': 202, 'data_list': []}
17-04-2022 19:18:18 DEBUG    client.py   Запущены процессы
17-04-2022 19:18:20 CRITICAL client.py   Потеряно соединение с сервером.
17-04-2022 19:18:46 INFO     client.py   Запущен клиент kl с параметрами: адрес сервера: 127.0.0.1, порт: 7777
17-04-2022 19:18:46 DEBUG    client.py   Сформировано presence сообщение для пользователя kl
17-04-2022 19:18:46 INFO     client.py   Установлено соединение с сервером. Ответ сервера: 200 : OK
17-04-2022 19:18:46 DEBUG    client.py   Запрос списка известных пользователей kl
17-04-2022 19:18:46 DEBUG    client.py   Запрос контакт-листа для пользователя kl
17-04-2022 19:18:46 DEBUG    client.py   Сформирован запрос {'action': 'get_contacts', 'time': 1650197926.9071171, 'user': 'kl'}
17-04-2022 19:18:47 DEBUG    client.py   Получен ответ {'response': 202, 'data_list': []}
17-04-2022 19:18:47 DEBUG    client.py   Запущены процессы
17-04-2022 19:18:49 CRITICAL client.py   Потеряно соединение с сервером.
17-04-2022 19:32:20 INFO     client.py   Запущен клиент cli78 с параметрами: адрес сервера: 127.0.0.1, порт: 7777
17-04-2022 19:32:20 DEBUG    client.py   Сформировано presence сообщение для пользователя cli78
17-04-2022 19:32:20 INFO     client.py   Установлено соединение с сервером. Ответ сервера: 200 : OK
17-04-2022 19:33:46 DEBUG    client.py   Запрос списка известных пользователей cli78
17-04-2022 19:37:43 DEBUG    client.py   Запрос контакт-листа для пользователя cli78
17-04-2022 19:37:55 DEBUG    client.py   Сформирован запрос {'action': 'get_contacts', 'time': 1650199066.1267433, 'user': 'cli78'}
17-04-2022 19:38:17 DEBUG    client.py   Получен ответ {'response': 202, 'data_list': []}
17-04-2022 19:39:31 CRITICAL client.py   Потеряно соединение с сервером.
17-04-2022 19:40:27 DEBUG    client.py   Запущены процессы
17-04-2022 19:43:07 INFO     client.py   Запущен клиент pj с параметрами: адрес сервера: 127.0.0.1, порт: 7777
17-04-2022 19:43:07 DEBUG    client.py   Сформировано presence сообщение для пользователя pj
17-04-2022 19:43:07 INFO     client.py   Установлено соединение с сервером. Ответ сервера: 200 : OK
17-04-2022 19:43:07 DEBUG    client.py   Запрос списка известных пользователей pj
17-04-2022 19:43:07 DEBUG    client.py   Запрос контакт-листа для пользователя pj
17-04-2022 19:43:07 DEBUG    client.py   Сформирован запрос {'action': 'get_contacts', 'time': 1650199387.8768578, 'user': 'pj'}
17-04-2022 19:43:08 DEBUG    client.py   Получен ответ {'response': 202, 'data_list': []}
17-04-2022 19:43:08 DEBUG    client.py   Запущены процессы
17-04-2022 19:43:10 CRITICAL client.py   Потеряно соединение с сервером.
17-04-2022 19:49:02 INFO     client.py   Запущен клиент ghkg с параметрами: адрес сервера: 127.0.0.1, порт: 7777
17-04-2022 19:49:02 DEBUG    client.py   Сформировано presence сообщение для пользователя ghkg
17-04-2022 19:49:02 INFO     client.py   Установлено соединение с сервером. Ответ сервера: 200 : OK
17-04-2022 19:49:02 DEBUG    client.py   Запрос списка известных пользователей ghkg
17-04-2022 19:49:02 DEBUG    client.py   Запрос контакт-листа для пользователя ghkg
17-04-2022 19:49:02 DEBUG    client.py   Сформирован запрос {'action': 'get_contacts', 'time': 1650199742.3164058, 'user': 'ghkg'}
17-04-2022 19:49:02 DEBUG    client.py   Получен ответ {'response': 202, 'data_list': []}
17-04-2022 19:49:02 DEBUG    client.py   Запущены процессы
17-04-2022 19:49:04 CRITICAL client.py   Потеряно соединение с сервером.
17-04-2022 20:03:10 INFO     client.py   Запущен клиент hjh с параметрами: адрес сервера: 127.0.0.1, порт: 7777
17-04-2022 20:03:10 DEBUG    client.py   Сформировано presence сообщение для пользователя hjh
17-04-2022 20:03:10 INFO     client.py   Установлено соединение с сервером. Ответ сервера: 200 : OK
17-04-2022 20:03:10 DEBUG    client.py   Запрос списка известных пользователей hjh
17-04-2022 20:03:10 DEBUG    client.py   Запрос контакт-листа для пользователя hjh
17-04-2022 20:03:10 DEBUG    client.py   Сформирован запрос {'action': 'get_contacts', 'time': 1650200590.5375285, 'user': 'hjh'}
17-04-2022 20:03:10 DEBUG    client.py   Получен ответ {'response': 202, 'data_list': []}
17-04-2022 20:03:10 DEBUG    client.py   Запущены процессы
17-04-2022 20:03:12 CRITICAL client.py   Потеряно соединение с сервером.
17-04-2022 20:07:26 INFO     client.py   Запущен клиент jklij с параметрами: адрес сервера: 127.0.0.1, порт: 7777
17-04-2022 20:07:26 DEBUG    client.py   Сформировано presence сообщение для пользователя jklij
17-04-2022 20:07:26 INFO     client.py   Установлено соединение с сервером. Ответ сервера: 200 : OK
17-04-2022 20:07:26 DEBUG    client.py   Запрос списка известных пользователей jklij
17-04-2022 20:07:26 DEBUG    client.py   Запрос контакт-листа для пользователя jklij
17-04-2022 20:07:26 DEBUG    client.py   Сформирован запрос {'action': 'get_contacts', 'time': 1650200846.7327127, 'user': 'jklij'}
17-04-2022 20:07:26 DEBUG    client.py   Получен ответ {'response': 202, 'data_list': []}
17-04-2022 20:07:26 DEBUG    client.py   Запущены процессы
17-04-2022 20:07:28 CRITICAL client.py   Потеряно соединение с сервером.
17-04-2022 20:09:38 INFO     client.py   Запущен клиент hjhou с параметрами: адрес сервера: 127.0.0.1, порт: 7777
17-04-2022 20:09:38 DEBUG    client.py   Сформировано presence сообщение для пользователя hjhou
17-04-2022 20:09:38 INFO     client.py   Установлено соединение с сервером. Ответ сервера: 200 : OK
17-04-2022 20:09:38 DEBUG    client.py   Запрос списка известных пользователей hjhou
17-04-2022 20:09:38 DEBUG    client.py   Запрос контакт-листа для пользователя hjhou
17-04-2022 20:09:38 DEBUG    client.py   Сформирован запрос {'action': 'get_contacts', 'time': 1650200978.9302764, 'user': 'hjhou'}
17-04-2022 20:09:39 DEBUG    client.py   Получен ответ {'response': 202, 'data_list': []}
17-04-2022 20:09:39 DEBUG    client.py   Запущены процессы
17-04-2022 20:09:41 CRITICAL client.py   Потеряно соединение с сервером.
17-04-2022 22:30:54 INFO     client.py   Запущен клиент hjki с параметрами: адрес сервера: 127.0.0.1, порт: 7777
17-04-2022 22:30:54 DEBUG    client.py   Сформировано presence сообщение для пользователя hjki
17-04-2022 22:30:54 INFO     client.py   Установлено соединение с сервером. Ответ сервера: 200 : OK
17-04-2022 22:30:54 DEBUG    client.py   Запрос списка известных пользователей hjki
17-04-2022 22:30:55 DEBUG    client.py   Запрос контакт-листа для пользователя hjki
17-04-2022 22:30:55 DEBUG    client.py   Сформирован запрос {'action': 'get_contacts', 'time': 1650209455.4169145, 'user': 'hjki'}
17-04-2022 22:30:55 DEBUG    client.py   Получен ответ {'response': 202, 'data_list': []}
17-04-2022 22:30:55 DEBUG    client.py   Запущены процессы
17-04-2022 22:30:57 CRITICAL client.py   Потеряно соединение с сервером.
17-04-2022 22:37:32 INFO     client.py   Запущен клиент jkl с параметрами: адрес сервера: 127.0.0.1, порт: 7777
17-04-2022 22:37:32 DEBUG    client.py   Сформировано presence сообщение для пользователя jkl
17-04-2022 22:37:32 INFO     client.py   Установлено соединение с сервером. Ответ сервера: 200 : OK
17-04-2022 22:37:32 DEBUG    client.py   Запрос списка известных пользователей jkl
17-04-2022 22:37:33 DEBUG    client.py   Запрос контакт-листа для пользователя jkl
17-04-2022 22:37:33 DEBUG    client.py   Сформирован запрос {'action': 'get_contacts', 'time': 1650209853.385496, 'user': 'jkl'}
17-04-2022 22:37:33 DEBUG    client.py   Получен ответ {'response': 202, 'data_list': []}
17-04-2022 22:37:33 DEBUG    client.py   Запущены процессы
17-04-2022 22:37:35 CRITICAL client.py   Потеряно соединение с сервером.
17-04-2022 22:38:46 INFO     client.py   Запущен клиент hjkh с параметрами: адрес сервера: 127.0.0.1, порт: 7777
17-04-2022 22:38:46 DEBUG    client.py   Сформировано presence сообщение для пользователя hjkh
17-04-2022 22:38:46 INFO     client.py   Установлено соединение с сервером. Ответ сервера: 200 : OK
17-04-2022 22:38:46 DEBUG    client.py   Запрос списка известных пользователей hjkh
17-04-2022 22:38:47 DEBUG    client.py   Запрос контакт-листа для пользователя hjkh
17-04-2022 22:38:47 DEBUG    client.py   Сформирован запрос {'action': 'get_contacts', 'time': 1650209927.40937, 'user': 'hjkh'}
17-04-2022 22:38:47 DEBUG    client.py   Получен ответ {'response': 202, 'data_list': []}
17-04-2022 22:38:47 DEBUG    client.py   Запущены процессы
17-04-2022 22:38:49 CRITICAL client.py   Потеряно соединение с сервером.
17-04-2022 22:39:33 INFO     client.py   Запущен клиент jk с параметрами: адрес сервера: 127.0.0.1, порт: 7777
17-04-2022 22:39:33 DEBUG    client.py   Сформировано presence сообщение для пользователя jk
17-04-2022 22:39:33 INFO     client.py   Установлено соединение с сервером. Ответ сервера: 200 : OK
17-04-2022 22:39:33 DEBUG    client.py   Запрос списка известных пользователей jk
17-04-2022 22:39:34 DEBUG    client.py   Запрос контакт-листа для пользователя jk
17-04-2022 22:39:34 DEBUG    client.py   Сформирован запрос {'action': 'get_contacts', 'time': 1650209974.4073913, 'user': 'jk'}
17-04-2022 22:39:34 DEBUG    client.py   Получен ответ {'response': 202, 'data_list': []}
17-04-2022 22:39:34 DEBUG    client.py   Запущены процессы
17-04-2022 22:39:36 CRITICAL client.py   Потеряно соединение с сервером.
17-04-2022 22:40:51 INFO     client.py   Запущен клиент k с параметрами: адрес сервера: 127.0.0.1, порт: 7777
17-04-2022 22:40:51 DEBUG    client.py   Сформировано presence сообщение для пользователя k
17-04-2022 22:40:51 INFO     client.py   Установлено соединение с сервером. Ответ сервера: 200 : OK
17-04-2022 22:40:51 DEBUG    client.py   Запрос списка известных пользователей k
17-04-2022 22:40:52 DEBUG    client.py   Запрос контакт-листа для пользователя k
17-04-2022 22:40:52 DEBUG    client.py   Сформирован запрос {'action': 'get_contacts', 'time': 1650210052.46094, 'user': 'k'}
17-04-2022 22:40:52 DEBUG    client.py   Получен ответ {'response': 202, 'data_list': []}
17-04-2022 22:40:52 DEBUG    client.py   Запущены процессы
17-04-2022 22:40:54 CRITICAL client.py   Потеряно соединение с сервером.
20-04-2022 12:17:16 INFO     client.py   Запущен клиент jhkgjh с параметрами: адрес сервера: 127.0.0.1, порт: 7777
20-04-2022 12:17:16 DEBUG    client.py   Сформировано presence сообщение для пользователя jhkgjh
20-04-2022 12:17:16 INFO     client.py   Установлено соединение с сервером. Ответ сервера: 200 : OK
20-04-2022 12:17:16 DEBUG    client.py   Запрос списка известных пользователей jhkgjh
20-04-2022 12:17:17 DEBUG    client.py   Запрос контакт-листа для пользователя jhkgjh
20-04-2022 12:17:17 DEBUG    client.py   Сформирован запрос {'action': 'get_contacts', 'time': 1650431837.228964, 'user': 'jhkgjh'}
20-04-2022 12:17:17 DEBUG    client.py   Получен ответ {'response': 202, 'data_list': []}
20-04-2022 12:17:17 DEBUG    client.py   Запущены процессы
20-04-2022 12:17:19 CRITICAL client.py   Потеряно соединение с сервером.
