20-04-2022 12:16:52 INFO     server.py   Cоединение не установлено, время для подключения истекло
20-04-2022 12:16:53 INFO     server.py   Cоединение не установлено, время для подключения истекло
20-04-2022 12:16:53 INFO     server.py   Cоединение не установлено, время для подключения истекло
20-04-2022 12:16:54 INFO     server.py   Cоединение не установлено, время для подключения истекло
20-04-2022 12:16:54 INFO     server.py   Cоединение не установлено, время для подключения истекло
20-04-2022 12:16:55 INFO     server.py   Cоединение не установлено, время для подключения истекло
20-04-2022 12:16:55 INFO     server.py   Cоединение не установлено, время для подключения истекло
20-04-2022 12:16:56 INFO     server.py   Cоединение не установлено, время для подключения истекло
20-04-2022 12:16:56 INFO     server.py   Cоединение не установлено, время для подключения истекло
20-04-2022 12:16:57 INFO     server.py   Cоединение не установлено, время для подключения истекло
20-04-2022 12:16:57 INFO     server.py   Cоединение не установлено, время для подключения истекло
20-04-2022 12:16:58 INFO     server.py   Cоединение не установлено, время для подключения истекло
20-04-2022 12:16:58 INFO     server.py   Cоединение не установлено, время для подключения истекло
20-04-2022 12:16:59 INFO     server.py   Cоединение не установлено, время для подключения истекло
20-04-2022 12:16:59 INFO     server.py   Cоединение не установлено, время для подключения истекло
20-04-2022 12:17:00 INFO     server.py   Cоединение не установлено, время для подключения истекло
20-04-2022 12:17:01 INFO     server.py   Cоединение не установлено, время для подключения истекло
20-04-2022 12:17:01 INFO     server.py   Cоединение не установлено, время для подключения истекло
20-04-2022 12:17:02 INFO     server.py   Cоединение не установлено, время для подключения истекло
20-04-2022 12:17:02 INFO     server.py   Cоединение не установлено, время для подключения истекло
20-04-2022 12:17:03 INFO     server.py   Cоединение не установлено, время для подключения истекло
20-04-2022 12:17:03 INFO     server.py   Cоединение не установлено, время для подключения истекло
20-04-2022 12:17:04 INFO     server.py   Cоединение не установлено, время для подключения истекло
20-04-2022 12:17:04 INFO     server.py   Cоединение не установлено, время для подключения истекло
20-04-2022 12:17:05 INFO     server.py   Cоединение не установлено, время для подключения истекло
20-04-2022 12:17:05 INFO     server.py   Cоединение не установлено, время для подключения истекло
20-04-2022 12:17:06 INFO     server.py   Cоединение не установлено, время для подключения истекло
20-04-2022 12:17:06 INFO     server.py   Cоединение не установлено, время для подключения истекло
20-04-2022 12:17:07 INFO     server.py   Cоединение не установлено, время для подключения истекло
20-04-2022 12:17:07 INFO     server.py   Cоединение не установлено, время для подключения истекло
20-04-2022 12:17:08 INFO     server.py   Cоединение не установлено, время для подключения истекло
20-04-2022 12:17:08 INFO     server.py   Cоединение не установлено, время для подключения истекло
20-04-2022 12:17:09 INFO     server.py   Cоединение не установлено, время для подключения истекло
20-04-2022 12:17:09 INFO     server.py   Cоединение не установлено, время для подключения истекло
20-04-2022 12:17:10 INFO     server.py   Cоединение не установлено, время для подключения истекло
20-04-2022 12:17:10 INFO     server.py   Cоединение не установлено, время для подключения истекло
20-04-2022 12:17:11 INFO     server.py   Cоединение не установлено, время для подключения истекло
20-04-2022 12:17:11 INFO     server.py   Cоединение не установлено, время для подключения истекло
20-04-2022 12:17:12 INFO     server.py   Cоединение не установлено, время для подключения истекло
20-04-2022 12:17:12 INFO     server.py   Cоединение не установлено, время для подключения истекло
20-04-2022 12:17:13 INFO     server.py   Cоединение не установлено, время для подключения истекло
20-04-2022 12:17:13 INFO     server.py   Cоединение не установлено, время для подключения истекло
20-04-2022 12:17:14 INFO     server.py   Cоединение не установлено, время для подключения истекло
20-04-2022 12:17:14 INFO     server.py   Cоединение не установлено, время для подключения истекло
20-04-2022 12:17:15 INFO     server.py   Cоединение не установлено, время для подключения истекло
20-04-2022 12:17:15 INFO     server.py   Cоединение не установлено, время для подключения истекло
20-04-2022 12:17:16 INFO     server.py   Cоединение не установлено, время для подключения истекло
20-04-2022 12:17:16 INFO     server.py   Cоединение не установлено, время для подключения истекло
20-04-2022 12:17:16 INFO     server.py   Установлено соединение с клиентом: ('127.0.0.1', 65144)
20-04-2022 12:17:16 DEBUG    server.py   Анализ входящего сообщения
20-04-2022 12:17:16 INFO     server.py   Сообщение от клиента прошло валидацию
20-04-2022 12:17:17 INFO     server.py   Cоединение не установлено, время для подключения истекло
20-04-2022 12:17:17 DEBUG    server.py   Анализ входящего сообщения
20-04-2022 12:17:17 INFO     server.py   Cоединение не установлено, время для подключения истекло
20-04-2022 12:17:17 DEBUG    server.py   Анализ входящего сообщения
20-04-2022 12:17:18 INFO     server.py   Cоединение не установлено, время для подключения истекло
20-04-2022 12:17:18 INFO     server.py   Cоединение не установлено, время для подключения истекло
20-04-2022 12:17:19 INFO     server.py   Cоединение не установлено, время для подключения истекло
20-04-2022 12:17:19 INFO     server.py   Cоединение не установлено, время для подключения истекло
20-04-2022 12:17:20 INFO     server.py   Cоединение не установлено, время для подключения истекло
20-04-2022 12:17:20 INFO     server.py   Cоединение не установлено, время для подключения истекло
20-04-2022 12:17:21 INFO     server.py   Cоединение не установлено, время для подключения истекло
20-04-2022 12:17:21 INFO     server.py   Cоединение не установлено, время для подключения истекло
20-04-2022 12:17:22 INFO     server.py   Cоединение не установлено, время для подключения истекло
20-04-2022 12:17:22 INFO     server.py   Cоединение не установлено, время для подключения истекло
20-04-2022 12:17:23 INFO     server.py   Cоединение не установлено, время для подключения истекло
20-04-2022 12:17:23 INFO     server.py   Cоединение не установлено, время для подключения истекло
20-04-2022 12:17:24 INFO     server.py   Cоединение не установлено, время для подключения истекло
20-04-2022 12:17:24 INFO     server.py   Cоединение не установлено, время для подключения истекло
20-04-2022 12:17:25 INFO     server.py   Cоединение не установлено, время для подключения истекло
20-04-2022 12:17:25 INFO     server.py   Cоединение не установлено, время для подключения истекло
20-04-2022 12:17:26 INFO     server.py   Cоединение не установлено, время для подключения истекло
20-04-2022 12:17:26 INFO     server.py   Клиент ('127.0.0.1', 65144) отключился от сервера.
20-04-2022 12:17:26 INFO     server.py   Cоединение не установлено, время для подключения истекло
20-04-2022 12:17:27 INFO     server.py   Cоединение не установлено, время для подключения истекло
20-04-2022 12:17:27 INFO     server.py   Cоединение не установлено, время для подключения истекло
20-04-2022 12:17:28 INFO     server.py   Cоединение не установлено, время для подключения истекло
20-04-2022 12:17:28 INFO     server.py   Cоединение не установлено, время для подключения истекло
20-04-2022 12:17:29 INFO     server.py   Cоединение не установлено, время для подключения истекло
20-04-2022 12:17:29 INFO     server.py   Cоединение не установлено, время для подключения истекло
