15-04-2022 13:15:20 INFO     client.py   Запущен клиент cli8 с параметрами: адрес сервера: 127.0.0.1, порт: 7777
15-04-2022 13:15:20 DEBUG    client.py   Сформировано presence сообщение для пользователя cli8
15-04-2022 13:15:21 INFO     client.py   Установлено соединение с сервером. Ответ сервера: 200 : OK
15-04-2022 13:15:21 DEBUG    client.py   Запрос списка известных пользователей cli8
15-04-2022 13:16:44 INFO     client.py   Запущен клиент cli9 с параметрами: адрес сервера: 127.0.0.1, порт: 7777
15-04-2022 13:16:44 DEBUG    client.py   Сформировано presence сообщение для пользователя cli9
15-04-2022 13:16:44 INFO     client.py   Установлено соединение с сервером. Ответ сервера: 200 : OK
15-04-2022 13:32:40 DEBUG    client.py   Запрос списка известных пользователей cli9
15-04-2022 23:04:42 INFO     client.py   Запущен клиент cli3 с параметрами: адрес сервера: 127.0.0.1, порт: 7777
15-04-2022 23:04:42 DEBUG    client.py   Сформировано presence сообщение для пользователя cli3
15-04-2022 23:04:42 INFO     client.py   Установлено соединение с сервером. Ответ сервера: 200 : OK
15-04-2022 23:04:42 DEBUG    client.py   Запрос списка известных пользователей cli3
15-04-2022 23:05:49 INFO     client.py   Запущен клиент cli8 с параметрами: адрес сервера: 127.0.0.1, порт: 7777
15-04-2022 23:05:49 DEBUG    client.py   Сформировано presence сообщение для пользователя cli8
15-04-2022 23:05:49 INFO     client.py   Установлено соединение с сервером. Ответ сервера: 200 : OK
15-04-2022 23:07:57 INFO     client.py   Запущен клиент nli9 с параметрами: адрес сервера: 127.0.0.1, порт: 7777
15-04-2022 23:07:57 DEBUG    client.py   Сформировано presence сообщение для пользователя nli9
15-04-2022 23:07:57 INFO     client.py   Установлено соединение с сервером. Ответ сервера: 200 : OK
15-04-2022 23:07:57 DEBUG    client.py   Запущены процессы
15-04-2022 23:33:46 CRITICAL client.py   Потеряно соединение с сервером.
15-04-2022 23:36:11 INFO     client.py   Запущен клиент ghy с параметрами: адрес сервера: 127.0.0.1, порт: 7777
15-04-2022 23:36:11 DEBUG    client.py   Сформировано presence сообщение для пользователя ghy
15-04-2022 23:36:11 INFO     client.py   Установлено соединение с сервером. Ответ сервера: 200 : OK
15-04-2022 23:36:11 DEBUG    client.py   Запущены процессы
15-04-2022 23:36:21 INFO     client.py   Запущен клиент kko с параметрами: адрес сервера: 127.0.0.1, порт: 7777
15-04-2022 23:36:21 DEBUG    client.py   Сформировано presence сообщение для пользователя kko
15-04-2022 23:36:21 INFO     client.py   Установлено соединение с сервером. Ответ сервера: 200 : OK
15-04-2022 23:36:21 DEBUG    client.py   Запущены процессы
15-04-2022 23:37:26 INFO     client.py   Запущен клиент klo с параметрами: адрес сервера: 127.0.0.1, порт: 7777
15-04-2022 23:37:26 DEBUG    client.py   Сформировано presence сообщение для пользователя klo
15-04-2022 23:37:26 INFO     client.py   Установлено соединение с сервером. Ответ сервера: 200 : OK
15-04-2022 23:37:26 DEBUG    client.py   Запрос списка известных пользователей klo
15-04-2022 23:37:26 DEBUG    client.py   Запрос контакт-листа для пользователя klo
15-04-2022 23:37:26 DEBUG    client.py   Сформирован запрос {'action': 'get_contacts', 'time': 1650040646.656502, 'user': 'klo'}
15-04-2022 23:37:26 DEBUG    client.py   Получен ответ {'response': 202, 'data_list': []}
15-04-2022 23:37:26 DEBUG    client.py   Запущены процессы
16-04-2022 18:23:06 INFO     client.py   Запущен клиент cvb с параметрами: адрес сервера: 127.0.0.1, порт: 7777
16-04-2022 18:23:06 DEBUG    client.py   Сформировано presence сообщение для пользователя cvb
16-04-2022 18:23:06 INFO     client.py   Установлено соединение с сервером. Ответ сервера: 200 : OK
16-04-2022 18:23:06 DEBUG    client.py   Запрос списка известных пользователей cvb
16-04-2022 18:23:07 DEBUG    client.py   Запрос контакт-листа для пользователя cvb
16-04-2022 18:23:07 DEBUG    client.py   Сформирован запрос {'action': 'get_contacts', 'time': 1650108187.0315206, 'user': 'cvb'}
16-04-2022 18:23:07 DEBUG    client.py   Получен ответ {'response': 202, 'data_list': []}
16-04-2022 18:23:07 DEBUG    client.py   Запущены процессы
16-04-2022 18:23:13 INFO     client.py   Запущен клиент tyu с параметрами: адрес сервера: 127.0.0.1, порт: 7777
16-04-2022 18:23:13 DEBUG    client.py   Сформировано presence сообщение для пользователя tyu
16-04-2022 18:23:13 INFO     client.py   Установлено соединение с сервером. Ответ сервера: 200 : OK
16-04-2022 18:23:13 DEBUG    client.py   Запрос списка известных пользователей tyu
16-04-2022 18:23:13 DEBUG    client.py   Запрос контакт-листа для пользователя tyu
16-04-2022 18:23:13 DEBUG    client.py   Сформирован запрос {'action': 'get_contacts', 'time': 1650108193.532672, 'user': 'tyu'}
16-04-2022 18:23:13 DEBUG    client.py   Получен ответ {'response': 202, 'data_list': []}
16-04-2022 18:23:13 DEBUG    client.py   Запущены процессы
16-04-2022 18:23:20 INFO     client.py   Запущен клиент rtd с параметрами: адрес сервера: 127.0.0.1, порт: 7777
16-04-2022 18:23:20 DEBUG    client.py   Сформировано presence сообщение для пользователя rtd
16-04-2022 18:23:20 INFO     client.py   Установлено соединение с сервером. Ответ сервера: 200 : OK
16-04-2022 18:23:20 DEBUG    client.py   Запрос списка известных пользователей rtd
16-04-2022 18:23:20 DEBUG    client.py   Запрос контакт-листа для пользователя rtd
16-04-2022 18:23:20 DEBUG    client.py   Сформирован запрос {'action': 'get_contacts', 'time': 1650108200.9705832, 'user': 'rtd'}
16-04-2022 18:23:21 DEBUG    client.py   Получен ответ {'response': 202, 'data_list': []}
16-04-2022 18:23:21 DEBUG    client.py   Запущены процессы
16-04-2022 18:27:19 INFO     client.py   Запущен клиент hjk с параметрами: адрес сервера: 127.0.0.1, порт: 7777
16-04-2022 18:27:19 DEBUG    client.py   Сформировано presence сообщение для пользователя hjk
16-04-2022 18:27:20 INFO     client.py   Установлено соединение с сервером. Ответ сервера: 200 : OK
16-04-2022 18:27:20 DEBUG    client.py   Запрос списка известных пользователей hjk
16-04-2022 18:27:20 DEBUG    client.py   Запрос контакт-листа для пользователя hjk
16-04-2022 18:27:20 DEBUG    client.py   Сформирован запрос {'action': 'get_contacts', 'time': 1650108440.4439833, 'user': 'hjk'}
16-04-2022 18:27:20 DEBUG    client.py   Получен ответ {'response': 202, 'data_list': []}
16-04-2022 18:27:20 DEBUG    client.py   Запущены процессы
16-04-2022 18:27:28 INFO     client.py   Запущен клиент yui с параметрами: адрес сервера: 127.0.0.1, порт: 7777
16-04-2022 18:27:28 DEBUG    client.py   Сформировано presence сообщение для пользователя yui
16-04-2022 18:27:28 INFO     client.py   Установлено соединение с сервером. Ответ сервера: 200 : OK
16-04-2022 18:27:28 DEBUG    client.py   Запрос списка известных пользователей yui
16-04-2022 18:27:28 DEBUG    client.py   Запрос контакт-листа для пользователя yui
16-04-2022 18:27:28 DEBUG    client.py   Сформирован запрос {'action': 'get_contacts', 'time': 1650108448.6209624, 'user': 'yui'}
16-04-2022 18:27:28 DEBUG    client.py   Получен ответ {'response': 202, 'data_list': []}
16-04-2022 18:27:28 DEBUG    client.py   Запущены процессы
16-04-2022 18:33:17 INFO     client.py   Запущен клиент kji с параметрами: адрес сервера: 127.0.0.1, порт: 7777
16-04-2022 18:33:17 DEBUG    client.py   Сформировано presence сообщение для пользователя kji
16-04-2022 18:33:18 INFO     client.py   Установлено соединение с сервером. Ответ сервера: 200 : OK
16-04-2022 18:33:18 DEBUG    client.py   Запрос списка известных пользователей kji
16-04-2022 18:33:18 DEBUG    client.py   Запрос контакт-листа для пользователя kji
16-04-2022 18:33:18 DEBUG    client.py   Сформирован запрос {'action': 'get_contacts', 'time': 1650108798.2744887, 'user': 'kji'}
16-04-2022 18:33:18 DEBUG    client.py   Получен ответ {'response': 202, 'data_list': []}
16-04-2022 18:33:18 DEBUG    client.py   Запущены процессы
16-04-2022 18:33:25 INFO     client.py   Запущен клиент kju с параметрами: адрес сервера: 127.0.0.1, порт: 7777
16-04-2022 18:33:25 DEBUG    client.py   Сформировано presence сообщение для пользователя kju
16-04-2022 18:33:25 INFO     client.py   Установлено соединение с сервером. Ответ сервера: 200 : OK
16-04-2022 18:33:25 DEBUG    client.py   Запрос списка известных пользователей kju
16-04-2022 18:33:25 DEBUG    client.py   Запрос контакт-листа для пользователя kju
16-04-2022 18:33:25 DEBUG    client.py   Сформирован запрос {'action': 'get_contacts', 'time': 1650108805.773198, 'user': 'kju'}
16-04-2022 18:33:25 DEBUG    client.py   Получен ответ {'response': 202, 'data_list': []}
16-04-2022 18:33:25 DEBUG    client.py   Запущены процессы
16-04-2022 18:36:08 DEBUG    client.py   Сформирован словарь сообщения: {'action': 'message', 'from': 'kju', 'to': 'kji', 'time': 1650108963.4263103, 'mess_text': 'hallou'}
16-04-2022 18:37:45 INFO     client.py   Получено сообщение от пользователя kju:
hallou
16-04-2022 18:37:46 INFO     client.py   Отправлено сообщение для пользователя kji
16-04-2022 18:58:31 DEBUG    client.py   Создание контакта cli2
16-04-2022 19:04:59 INFO     client.py   Запущен клиент gorr с параметрами: адрес сервера: 127.0.0.1, порт: 7777
16-04-2022 19:04:59 DEBUG    client.py   Сформировано presence сообщение для пользователя gorr
16-04-2022 19:04:59 INFO     client.py   Установлено соединение с сервером. Ответ сервера: 200 : OK
16-04-2022 19:04:59 DEBUG    client.py   Запрос списка известных пользователей gorr
16-04-2022 19:04:59 DEBUG    client.py   Запрос контакт-листа для пользователя gorr
16-04-2022 19:04:59 DEBUG    client.py   Сформирован запрос {'action': 'get_contacts', 'time': 1650110699.9900434, 'user': 'gorr'}
16-04-2022 19:05:00 DEBUG    client.py   Получен ответ {'response': 202, 'data_list': []}
16-04-2022 19:05:00 DEBUG    client.py   Запущены процессы
16-04-2022 19:07:33 DEBUG    client.py   Создание контакта cli3
16-04-2022 22:21:46 INFO     client.py   Запущен клиент cli1 с параметрами: адрес сервера: 127.0.0.1, порт: 7777
16-04-2022 22:21:46 DEBUG    client.py   Сформировано presence сообщение для пользователя cli1
16-04-2022 22:22:03 INFO     client.py   Запущен клиент cli2 с параметрами: адрес сервера: 127.0.0.1, порт: 7777
16-04-2022 22:22:03 DEBUG    client.py   Сформировано presence сообщение для пользователя cli2
16-04-2022 22:24:09 CRITICAL client.py   Не удалось подключиться к серверу 127.0.0.1:7777, конечный компьютер отверг запрос на подключение.
16-04-2022 22:24:09 CRITICAL client.py   Не удалось подключиться к серверу 127.0.0.1:7777, конечный компьютер отверг запрос на подключение.
16-04-2022 22:25:13 INFO     client.py   Запущен клиент cli8 с параметрами: адрес сервера: 127.0.0.1, порт: 7777
16-04-2022 22:25:13 DEBUG    client.py   Сформировано presence сообщение для пользователя cli8
16-04-2022 22:25:14 INFO     client.py   Установлено соединение с сервером. Ответ сервера: 200 : OK
16-04-2022 22:25:14 DEBUG    client.py   Запрос списка известных пользователей cli8
16-04-2022 22:25:14 DEBUG    client.py   Запрос контакт-листа для пользователя cli8
16-04-2022 22:25:14 DEBUG    client.py   Сформирован запрос {'action': 'get_contacts', 'time': 1650122714.3036513, 'user': 'cli8'}
16-04-2022 22:25:14 DEBUG    client.py   Получен ответ {'response': 202, 'data_list': []}
16-04-2022 22:25:14 DEBUG    client.py   Запущены процессы
16-04-2022 22:25:29 INFO     client.py   Запущен клиент cli9 с параметрами: адрес сервера: 127.0.0.1, порт: 7777
16-04-2022 22:25:29 DEBUG    client.py   Сформировано presence сообщение для пользователя cli9
16-04-2022 22:25:29 INFO     client.py   Установлено соединение с сервером. Ответ сервера: 200 : OK
16-04-2022 22:25:29 DEBUG    client.py   Запрос списка известных пользователей cli9
16-04-2022 22:25:30 DEBUG    client.py   Запрос контакт-листа для пользователя cli9
16-04-2022 22:25:30 DEBUG    client.py   Сформирован запрос {'action': 'get_contacts', 'time': 1650122730.0539415, 'user': 'cli9'}
16-04-2022 22:25:30 DEBUG    client.py   Получен ответ {'response': 202, 'data_list': []}
16-04-2022 22:25:30 DEBUG    client.py   Запущены процессы
16-04-2022 22:25:58 DEBUG    client.py   Создание контакта cli1
16-04-2022 22:26:16 DEBUG    client.py   Создание контакта cli8
16-04-2022 22:26:58 DEBUG    client.py   Сформирован словарь сообщения: {'action': 'message', 'from': 'cli9', 'to': 'cli8', 'time': 1650122818.687469, 'mess_text': 'Gooogogogo'}
16-04-2022 22:26:58 INFO     client.py   Отправлено сообщение для пользователя cli8
16-04-2022 22:26:58 INFO     client.py   Получено сообщение от пользователя cli9:
Gooogogogo
17-04-2022 02:24:34 INFO     client.py   Запущен клиент cli3 с параметрами: адрес сервера: 127.0.0.1, порт: 7777
17-04-2022 02:24:34 DEBUG    client.py   Сформировано presence сообщение для пользователя cli3
17-04-2022 02:24:34 INFO     client.py   Установлено соединение с сервером. Ответ сервера: 200 : OK
17-04-2022 02:24:34 DEBUG    client.py   Запрос списка известных пользователей cli3
17-04-2022 02:24:34 DEBUG    client.py   Запрос контакт-листа для пользователя cli3
17-04-2022 02:24:34 DEBUG    client.py   Сформирован запрос {'action': 'get_contacts', 'time': 1650137074.8783586, 'user': 'cli3'}
17-04-2022 02:24:35 DEBUG    client.py   Получен ответ {'response': 202, 'data_list': []}
17-04-2022 02:26:48 INFO     client.py   Запущен клиент cli3 с параметрами: адрес сервера: 127.0.0.1, порт: 7777
17-04-2022 02:26:48 DEBUG    client.py   Сформировано presence сообщение для пользователя cli3
17-04-2022 02:26:48 ERROR    client.py   При установке соединения сервер вернул ошибку: 400 : Имя пользователя уже занято.
17-04-2022 02:27:17 INFO     client.py   Запущен клиент cfg2 с параметрами: адрес сервера: 127.0.0.1, порт: 7777
17-04-2022 02:27:17 DEBUG    client.py   Сформировано presence сообщение для пользователя cfg2
17-04-2022 02:27:17 INFO     client.py   Установлено соединение с сервером. Ответ сервера: 200 : OK
17-04-2022 02:27:17 DEBUG    client.py   Запрос списка известных пользователей cfg2
17-04-2022 02:27:17 DEBUG    client.py   Запрос контакт-листа для пользователя cfg2
17-04-2022 02:27:17 DEBUG    client.py   Сформирован запрос {'action': 'get_contacts', 'time': 1650137237.7297432, 'user': 'cfg2'}
17-04-2022 02:27:17 DEBUG    client.py   Получен ответ {'response': 202, 'data_list': []}
17-04-2022 02:27:17 DEBUG    client.py   Запущены процессы
17-04-2022 02:27:19 CRITICAL client.py   Потеряно соединение с сервером.
17-04-2022 02:30:49 INFO     client.py   Запущен клиент lnlj с параметрами: адрес сервера: 127.0.0.1, порт: 7777
17-04-2022 02:30:49 DEBUG    client.py   Сформировано presence сообщение для пользователя lnlj
17-04-2022 02:30:49 INFO     client.py   Установлено соединение с сервером. Ответ сервера: 200 : OK
17-04-2022 02:30:49 DEBUG    client.py   Запрос списка известных пользователей lnlj
17-04-2022 02:30:49 DEBUG    client.py   Запрос контакт-листа для пользователя lnlj
17-04-2022 02:30:49 DEBUG    client.py   Сформирован запрос {'action': 'get_contacts', 'time': 1650137449.346814, 'user': 'lnlj'}
17-04-2022 02:30:49 DEBUG    client.py   Получен ответ {'response': 202, 'data_list': []}
17-04-2022 02:30:49 DEBUG    client.py   Запущены процессы
17-04-2022 02:30:51 CRITICAL client.py   Потеряно соединение с сервером.
17-04-2022 02:35:16 INFO     client.py   Запущен клиент cli с параметрами: адрес сервера: 127.0.0.1, порт: 7777
17-04-2022 02:35:16 DEBUG    client.py   Сформировано presence сообщение для пользователя cli
17-04-2022 02:35:16 INFO     client.py   Установлено соединение с сервером. Ответ сервера: 200 : OK
17-04-2022 02:35:16 DEBUG    client.py   Запрос списка известных пользователей cli
17-04-2022 02:35:16 DEBUG    client.py   Запрос контакт-листа для пользователя cli
17-04-2022 02:35:16 DEBUG    client.py   Сформирован запрос {'action': 'get_contacts', 'time': 1650137716.8438597, 'user': 'cli'}
17-04-2022 02:35:17 DEBUG    client.py   Получен ответ {'response': 202, 'data_list': []}
17-04-2022 02:35:17 DEBUG    client.py   Запущены процессы
17-04-2022 02:35:19 CRITICAL client.py   Потеряно соединение с сервером.
17-04-2022 02:37:55 INFO     client.py   Запущен клиент hbhg с параметрами: адрес сервера: 127.0.0.1, порт: 7777
17-04-2022 02:37:55 DEBUG    client.py   Сформировано presence сообщение для пользователя hbhg
17-04-2022 02:37:55 INFO     client.py   Установлено соединение с сервером. Ответ сервера: 200 : OK
17-04-2022 02:37:55 DEBUG    client.py   Запрос списка известных пользователей hbhg
17-04-2022 02:37:55 DEBUG    client.py   Запрос контакт-листа для пользователя hbhg
17-04-2022 02:37:55 DEBUG    client.py   Сформирован запрос {'action': 'get_contacts', 'time': 1650137875.78009, 'user': 'hbhg'}
17-04-2022 02:37:55 DEBUG    client.py   Получен ответ {'response': 202, 'data_list': []}
17-04-2022 02:37:55 DEBUG    client.py   Запущены процессы
17-04-2022 02:37:57 CRITICAL client.py   Потеряно соединение с сервером.
17-04-2022 19:18:18 INFO     client.py   Запущен клиент hj с параметрами: адрес сервера: 127.0.0.1, порт: 7777
17-04-2022 19:18:18 DEBUG    client.py   Сформировано presence сообщение для пользователя hj
17-04-2022 19:18:18 INFO     client.py   Установлено соединение с сервером. Ответ сервера: 200 : OK
17-04-2022 19:18:18 DEBUG    client.py   Запрос списка известных пользователей hj
17-04-2022 19:18:18 DEBUG    client.py   Запрос контакт-листа для пользователя hj
17-04-2022 19:18:18 DEBUG    client.py   Сформирован запрос {'action': 'get_contacts', 'time': 1650197898.2522457, 'user': 'hj'}
17-04-2022 19:18:18 DEBUG    client.py   Получен ответ {'response': 202, 'data_list': []}
17-04-2022 19:18:18 DEBUG    client.py   Запущены процессы
17-04-2022 19:18:20 CRITICAL client.py   Потеряно соединение с сервером.
17-04-2022 19:18:46 INFO     client.py   Запущен клиент kl с параметрами: адрес сервера: 127.0.0.1, порт: 7777
17-04-2022 19:18:46 DEBUG    client.py   Сформировано presence сообщение для пользователя kl
17-04-2022 19:18:46 INFO     client.py   Установлено соединение с сервером. Ответ сервера: 200 : OK
17-04-2022 19:18:46 DEBUG    client.py   Запрос списка известных пользователей kl
17-04-2022 19:18:46 DEBUG    client.py   Запрос контакт-листа для пользователя kl
17-04-2022 19:18:46 DEBUG    client.py   Сформирован запрос {'action': 'get_contacts', 'time': 1650197926.9071171, 'user': 'kl'}
17-04-2022 19:18:47 DEBUG    client.py   Получен ответ {'response': 202, 'data_list': []}
17-04-2022 19:18:47 DEBUG    client.py   Запущены процессы
17-04-2022 19:18:49 CRITICAL client.py   Потеряно соединение с сервером.
17-04-2022 19:32:20 INFO     client.py   Запущен клиент cli78 с параметрами: адрес сервера: 127.0.0.1, порт: 7777
17-04-2022 19:32:20 DEBUG    client.py   Сформировано presence сообщение для пользователя cli78
17-04-2022 19:32:20 INFO     client.py   Установлено соединение с сервером. Ответ сервера: 200 : OK
17-04-2022 19:33:46 DEBUG    client.py   Запрос списка известных пользователей cli78
17-04-2022 19:37:43 DEBUG    client.py   Запрос контакт-листа для пользователя cli78
17-04-2022 19:37:55 DEBUG    client.py   Сформирован запрос {'action': 'get_contacts', 'time': 1650199066.1267433, 'user': 'cli78'}
17-04-2022 19:38:17 DEBUG    client.py   Получен ответ {'response': 202, 'data_list': []}
17-04-2022 19:39:31 CRITICAL client.py   Потеряно соединение с сервером.
17-04-2022 19:40:27 DEBUG    client.py   Запущены процессы
17-04-2022 19:43:07 INFO     client.py   Запущен клиент pj с параметрами: адрес сервера: 127.0.0.1, порт: 7777
17-04-2022 19:43:07 DEBUG    client.py   Сформировано presence сообщение для пользователя pj
17-04-2022 19:43:07 INFO     client.py   Установлено соединение с сервером. Ответ сервера: 200 : OK
17-04-2022 19:43:07 DEBUG    client.py   Запрос списка известных пользователей pj
17-04-2022 19:43:07 DEBUG    client.py   Запрос контакт-листа для пользователя pj
17-04-2022 19:43:07 DEBUG    client.py   Сформирован запрос {'action': 'get_contacts', 'time': 1650199387.8768578, 'user': 'pj'}
17-04-2022 19:43:08 DEBUG    client.py   Получен ответ {'response': 202, 'data_list': []}
17-04-2022 19:43:08 DEBUG    client.py   Запущены процессы
17-04-2022 19:43:10 CRITICAL client.py   Потеряно соединение с сервером.
17-04-2022 19:49:02 INFO     client.py   Запущен клиент ghkg с параметрами: адрес сервера: 127.0.0.1, порт: 7777
17-04-2022 19:49:02 DEBUG    client.py   Сформировано presence сообщение для пользователя ghkg
17-04-2022 19:49:02 INFO     client.py   Установлено соединение с сервером. Ответ сервера: 200 : OK
17-04-2022 19:49:02 DEBUG    client.py   Запрос списка известных пользователей ghkg
17-04-2022 19:49:02 DEBUG    client.py   Запрос контакт-листа для пользователя ghkg
17-04-2022 19:49:02 DEBUG    client.py   Сформирован запрос {'action': 'get_contacts', 'time': 1650199742.3164058, 'user': 'ghkg'}
17-04-2022 19:49:02 DEBUG    client.py   Получен ответ {'response': 202, 'data_list': []}
17-04-2022 19:49:02 DEBUG    client.py   Запущены процессы
17-04-2022 19:49:04 CRITICAL client.py   Потеряно соединение с сервером.
17-04-2022 20:03:10 INFO     client.py   Запущен клиент hjh с параметрами: адрес сервера: 127.0.0.1, порт: 7777
17-04-2022 20:03:10 DEBUG    client.py   Сформировано presence сообщение для пользователя hjh
17-04-2022 20:03:10 INFO     client.py   Установлено соединение с сервером. Ответ сервера: 200 : OK
17-04-2022 20:03:10 DEBUG    client.py   Запрос списка известных пользователей hjh
17-04-2022 20:03:10 DEBUG    client.py   Запрос контакт-листа для пользователя hjh
17-04-2022 20:03:10 DEBUG    client.py   Сформирован запрос {'action': 'get_contacts', 'time': 1650200590.5375285, 'user': 'hjh'}
17-04-2022 20:03:10 DEBUG    client.py   Получен ответ {'response': 202, 'data_list': []}
17-04-2022 20:03:10 DEBUG    client.py   Запущены процессы
17-04-2022 20:03:12 CRITICAL client.py   Потеряно соединение с сервером.
17-04-2022 20:07:26 INFO     client.py   Запущен клиент jklij с параметрами: адрес сервера: 127.0.0.1, порт: 7777
17-04-2022 20:07:26 DEBUG    client.py   Сформировано presence сообщение для пользователя jklij
17-04-2022 20:07:26 INFO     client.py   Установлено соединение с сервером. Ответ сервера: 200 : OK
17-04-2022 20:07:26 DEBUG    client.py   Запрос списка известных пользователей jklij
17-04-2022 20:07:26 DEBUG    client.py   Запрос контакт-листа для пользователя jklij
17-04-2022 20:07:26 DEBUG    client.py   Сформирован запрос {'action': 'get_contacts', 'time': 1650200846.7327127, 'user': 'jklij'}
17-04-2022 20:07:26 DEBUG    client.py   Получен ответ {'response': 202, 'data_list': []}
17-04-2022 20:07:26 DEBUG    client.py   Запущены процессы
17-04-2022 20:07:28 CRITICAL client.py   Потеряно соединение с сервером.
17-04-2022 20:09:38 INFO     client.py   Запущен клиент hjhou с параметрами: адрес сервера: 127.0.0.1, порт: 7777
17-04-2022 20:09:38 DEBUG    client.py   Сформировано presence сообщение для пользователя hjhou
17-04-2022 20:09:38 INFO     client.py   Установлено соединение с сервером. Ответ сервера: 200 : OK
17-04-2022 20:09:38 DEBUG    client.py   Запрос списка известных пользователей hjhou
17-04-2022 20:09:38 DEBUG    client.py   Запрос контакт-листа для пользователя hjhou
17-04-2022 20:09:38 DEBUG    client.py   Сформирован запрос {'action': 'get_contacts', 'time': 1650200978.9302764, 'user': 'hjhou'}
17-04-2022 20:09:39 DEBUG    client.py   Получен ответ {'response': 202, 'data_list': []}
17-04-2022 20:09:39 DEBUG    client.py   Запущены процессы
17-04-2022 20:09:41 CRITICAL client.py   Потеряно соединение с сервером.
17-04-2022 22:30:54 INFO     client.py   Запущен клиент hjki с параметрами: адрес сервера: 127.0.0.1, порт: 7777
17-04-2022 22:30:54 DEBUG    client.py   Сформировано presence сообщение для пользователя hjki
17-04-2022 22:30:54 INFO     client.py   Установлено соединение с сервером. Ответ сервера: 200 : OK
17-04-2022 22:30:54 DEBUG    client.py   Запрос списка известных пользователей hjki
17-04-2022 22:30:55 DEBUG    client.py   Запрос контакт-листа для пользователя hjki
17-04-2022 22:30:55 DEBUG    client.py   Сформирован запрос {'action': 'get_contacts', 'time': 1650209455.4169145, 'user': 'hjki'}
17-04-2022 22:30:55 DEBUG    client.py   Получен ответ {'response': 202, 'data_list': []}
17-04-2022 22:30:55 DEBUG    client.py   Запущены процессы
17-04-2022 22:30:57 CRITICAL client.py   Потеряно соединение с сервером.
17-04-2022 22:37:32 INFO     client.py   Запущен клиент jkl с параметрами: адрес сервера: 127.0.0.1, порт: 7777
17-04-2022 22:37:32 DEBUG    client.py   Сформировано presence сообщение для пользователя jkl
17-04-2022 22:37:32 INFO     client.py   Установлено соединение с сервером. Ответ сервера: 200 : OK
17-04-2022 22:37:32 DEBUG    client.py   Запрос списка известных пользователей jkl
17-04-2022 22:37:33 DEBUG    client.py   Запрос контакт-листа для пользователя jkl
17-04-2022 22:37:33 DEBUG    client.py   Сформирован запрос {'action': 'get_contacts', 'time': 1650209853.385496, 'user': 'jkl'}
17-04-2022 22:37:33 DEBUG    client.py   Получен ответ {'response': 202, 'data_list': []}
17-04-2022 22:37:33 DEBUG    client.py   Запущены процессы
17-04-2022 22:37:35 CRITICAL client.py   Потеряно соединение с сервером.
17-04-2022 22:38:46 INFO     client.py   Запущен клиент hjkh с параметрами: адрес сервера: 127.0.0.1, порт: 7777
17-04-2022 22:38:46 DEBUG    client.py   Сформировано presence сообщение для пользователя hjkh
17-04-2022 22:38:46 INFO     client.py   Установлено соединение с сервером. Ответ сервера: 200 : OK
17-04-2022 22:38:46 DEBUG    client.py   Запрос списка известных пользователей hjkh
17-04-2022 22:38:47 DEBUG    client.py   Запрос контакт-листа для пользователя hjkh
17-04-2022 22:38:47 DEBUG    client.py   Сформирован запрос {'action': 'get_contacts', 'time': 1650209927.40937, 'user': 'hjkh'}
17-04-2022 22:38:47 DEBUG    client.py   Получен ответ {'response': 202, 'data_list': []}
17-04-2022 22:38:47 DEBUG    client.py   Запущены процессы
17-04-2022 22:38:49 CRITICAL client.py   Потеряно соединение с сервером.
17-04-2022 22:39:33 INFO     client.py   Запущен клиент jk с параметрами: адрес сервера: 127.0.0.1, порт: 7777
17-04-2022 22:39:33 DEBUG    client.py   Сформировано presence сообщение для пользователя jk
17-04-2022 22:39:33 INFO     client.py   Установлено соединение с сервером. Ответ сервера: 200 : OK
17-04-2022 22:39:33 DEBUG    client.py   Запрос списка известных пользователей jk
17-04-2022 22:39:34 DEBUG    client.py   Запрос контакт-листа для пользователя jk
17-04-2022 22:39:34 DEBUG    client.py   Сформирован запрос {'action': 'get_contacts', 'time': 1650209974.4073913, 'user': 'jk'}
17-04-2022 22:39:34 DEBUG    client.py   Получен ответ {'response': 202, 'data_list': []}
17-04-2022 22:39:34 DEBUG    client.py   Запущены процессы
17-04-2022 22:39:36 CRITICAL client.py   Потеряно соединение с сервером.
17-04-2022 22:40:51 INFO     client.py   Запущен клиент k с параметрами: адрес сервера: 127.0.0.1, порт: 7777
17-04-2022 22:40:51 DEBUG    client.py   Сформировано presence сообщение для пользователя k
17-04-2022 22:40:51 INFO     client.py   Установлено соединение с сервером. Ответ сервера: 200 : OK
17-04-2022 22:40:51 DEBUG    client.py   Запрос списка известных пользователей k
17-04-2022 22:40:52 DEBUG    client.py   Запрос контакт-листа для пользователя k
17-04-2022 22:40:52 DEBUG    client.py   Сформирован запрос {'action': 'get_contacts', 'time': 1650210052.46094, 'user': 'k'}
17-04-2022 22:40:52 DEBUG    client.py   Получен ответ {'response': 202, 'data_list': []}
17-04-2022 22:40:52 DEBUG    client.py   Запущены процессы
17-04-2022 22:40:54 CRITICAL client.py   Потеряно соединение с сервером.
17-04-2022 23:36:47 INFO     client.py   Запущен клиент hkg с параметрами: адрес сервера: 127.0.0.1, порт: 7777
17-04-2022 23:36:47 DEBUG    client.py   Сформировано presence сообщение для пользователя hkg
17-04-2022 23:36:47 INFO     client.py   Установлено соединение с сервером. Ответ сервера: 200 : OK
17-04-2022 23:36:47 DEBUG    client.py   Запрос списка известных пользователей hkg
17-04-2022 23:36:48 DEBUG    client.py   Запрос контакт-листа для пользователя hkg
17-04-2022 23:36:48 DEBUG    client.py   Сформирован запрос {'action': 'get_contacts', 'time': 1650213408.267799, 'user': 'hkg'}
17-04-2022 23:36:48 DEBUG    client.py   Получен ответ {'response': 202, 'data_list': []}
17-04-2022 23:36:48 DEBUG    client.py   Запущены процессы
17-04-2022 23:36:50 CRITICAL client.py   Потеряно соединение с сервером.
17-04-2022 23:45:27 INFO     client.py   Запущен клиент lkj с параметрами: адрес сервера: 127.0.0.1, порт: 7777
17-04-2022 23:45:27 DEBUG    client.py   Сформировано presence сообщение для пользователя lkj
17-04-2022 23:45:28 INFO     client.py   Установлено соединение с сервером. Ответ сервера: 200 : OK
17-04-2022 23:45:28 DEBUG    client.py   Запрос списка известных пользователей lkj
17-04-2022 23:45:28 DEBUG    client.py   Запрос контакт-листа для пользователя lkj
17-04-2022 23:45:28 DEBUG    client.py   Сформирован запрос {'action': 'get_contacts', 'time': 1650213928.9929068, 'user': 'lkj'}
17-04-2022 23:45:29 DEBUG    client.py   Получен ответ {'response': 202, 'data_list': []}
17-04-2022 23:45:29 DEBUG    client.py   Запущены процессы
17-04-2022 23:45:31 CRITICAL client.py   Потеряно соединение с сервером.
17-04-2022 23:47:55 INFO     client.py   Запущен клиент jhutfyrd с параметрами: адрес сервера: 127.0.0.1, порт: 7777
17-04-2022 23:47:55 DEBUG    client.py   Сформировано presence сообщение для пользователя jhutfyrd
17-04-2022 23:47:56 INFO     client.py   Установлено соединение с сервером. Ответ сервера: 200 : OK
17-04-2022 23:47:56 DEBUG    client.py   Запрос списка известных пользователей jhutfyrd
17-04-2022 23:47:56 DEBUG    client.py   Запрос контакт-листа для пользователя jhutfyrd
17-04-2022 23:47:56 DEBUG    client.py   Сформирован запрос {'action': 'get_contacts', 'time': 1650214076.88301, 'user': 'jhutfyrd'}
17-04-2022 23:47:57 DEBUG    client.py   Получен ответ {'response': 202, 'data_list': []}
17-04-2022 23:47:57 DEBUG    client.py   Запущены процессы
17-04-2022 23:47:59 CRITICAL client.py   Потеряно соединение с сервером.
17-04-2022 23:51:05 INFO     client.py   Запущен клиент ijnhb с параметрами: адрес сервера: 127.0.0.1, порт: 7777
17-04-2022 23:51:05 DEBUG    client.py   Сформировано presence сообщение для пользователя ijnhb
17-04-2022 23:51:05 INFO     client.py   Установлено соединение с сервером. Ответ сервера: 200 : OK
17-04-2022 23:51:06 DEBUG    client.py   Запрос списка известных пользователей ijnhb
17-04-2022 23:51:06 DEBUG    client.py   Запрос контакт-листа для пользователя ijnhb
17-04-2022 23:51:06 DEBUG    client.py   Сформирован запрос {'action': 'get_contacts', 'time': 1650214266.5082607, 'user': 'ijnhb'}
17-04-2022 23:51:06 DEBUG    client.py   Получен ответ {'response': 202, 'data_list': []}
17-04-2022 23:51:06 DEBUG    client.py   Запущены процессы
17-04-2022 23:51:09 CRITICAL client.py   Потеряно соединение с сервером.
17-04-2022 23:55:00 DEBUG    client.py   Сформирован словарь сообщения: {'action': 'message', 'from': 'ijnhb', 'to': 'ijnhb', 'time': 1650214500.5559309, 'mess_text': 'jfjghfgh'}
17-04-2022 23:55:00 INFO     client.py   Отправлено сообщение для пользователя ijnhb
18-04-2022 00:04:36 INFO     client.py   Запущен клиент kokim с параметрами: адрес сервера: 127.0.0.1, порт: 7777
18-04-2022 00:04:36 DEBUG    client.py   Сформировано presence сообщение для пользователя kokim
18-04-2022 00:04:36 INFO     client.py   Установлено соединение с сервером. Ответ сервера: 200 : OK
18-04-2022 00:04:36 DEBUG    client.py   Запрос списка известных пользователей kokim
18-04-2022 00:04:36 DEBUG    client.py   Запрос контакт-листа для пользователя kokim
18-04-2022 00:04:36 DEBUG    client.py   Сформирован запрос {'action': 'get_contacts', 'time': 1650215076.832577, 'user': 'kokim'}
18-04-2022 00:04:37 DEBUG    client.py   Получен ответ {'response': 202, 'data_list': []}
18-04-2022 00:04:37 DEBUG    client.py   Запущены процессы
18-04-2022 00:04:39 CRITICAL client.py   Потеряно соединение с сервером.
18-04-2022 00:06:19 INFO     client.py   Запущен клиент kok с параметрами: адрес сервера: 127.0.0.1, порт: 7777
18-04-2022 00:06:19 DEBUG    client.py   Сформировано presence сообщение для пользователя kok
18-04-2022 00:06:19 INFO     client.py   Установлено соединение с сервером. Ответ сервера: 200 : OK
18-04-2022 00:06:19 DEBUG    client.py   Запрос списка известных пользователей kok
18-04-2022 00:06:19 DEBUG    client.py   Запрос контакт-листа для пользователя kok
18-04-2022 00:06:19 DEBUG    client.py   Сформирован запрос {'action': 'get_contacts', 'time': 1650215179.6614702, 'user': 'kok'}
18-04-2022 00:06:20 DEBUG    client.py   Получен ответ {'response': 202, 'data_list': []}
18-04-2022 00:06:20 DEBUG    client.py   Запущены процессы
18-04-2022 00:06:22 CRITICAL client.py   Потеряно соединение с сервером.
18-04-2022 00:15:38 INFO     client.py   Запущен клиент kokol с параметрами: адрес сервера: 127.0.0.1, порт: 7777
18-04-2022 00:35:08 INFO     client.py   Запущен клиент bigiygd с параметрами: адрес сервера: 127.0.0.1, порт: 7777
18-04-2022 00:35:18 DEBUG    client.py   Сформировано presence сообщение для пользователя bigiygd
18-04-2022 00:58:24 INFO     client.py   Запущен клиент lj45 с параметрами: адрес сервера: 127.0.0.1, порт: 7777
18-04-2022 00:58:24 DEBUG    client.py   Сформировано presence сообщение для пользователя lj45
18-04-2022 00:58:24 INFO     client.py   Установлено соединение с сервером. Ответ сервера: 200 : OK
18-04-2022 00:58:24 DEBUG    client.py   Запрос списка известных пользователей lj45
18-04-2022 00:58:24 DEBUG    client.py   Запрос контакт-листа для пользователя lj45
18-04-2022 00:58:24 DEBUG    client.py   Сформирован запрос {'action': 'get_contacts', 'time': 1650218304.9688296, 'user': 'lj45'}
18-04-2022 00:58:25 DEBUG    client.py   Получен ответ {'response': 202, 'data_list': []}
18-04-2022 00:58:25 DEBUG    client.py   Запущены процессы
18-04-2022 00:58:27 CRITICAL client.py   Потеряно соединение с сервером.
18-04-2022 00:59:11 INFO     client.py   Запущен клиент jgfgf с параметрами: адрес сервера: 127.0.0.1, порт: 7777
18-04-2022 00:59:20 DEBUG    client.py   Сформировано presence сообщение для пользователя jgfgf
18-04-2022 00:59:48 INFO     client.py   Установлено соединение с сервером. Ответ сервера: 200 : OK
18-04-2022 01:01:14 DEBUG    client.py   Запрос списка известных пользователей jgfgf
18-04-2022 01:03:27 DEBUG    client.py   Запрос контакт-листа для пользователя jgfgf
18-04-2022 01:03:40 DEBUG    client.py   Сформирован запрос {'action': 'get_contacts', 'time': 1650218615.721916, 'user': 'jgfgf'}
18-04-2022 01:04:04 DEBUG    client.py   Получен ответ {'response': 202, 'data_list': []}
18-04-2022 01:06:02 CRITICAL client.py   Потеряно соединение с сервером.
18-04-2022 01:07:33 DEBUG    client.py   Запущены процессы
18-04-2022 01:16:23 INFO     client.py   Запущен клиент hoho с параметрами: адрес сервера: 127.0.0.1, порт: 7777
18-04-2022 01:16:23 DEBUG    client.py   Сформировано presence сообщение для пользователя hoho
18-04-2022 01:16:23 INFO     client.py   Установлено соединение с сервером. Ответ сервера: 200 : OK
18-04-2022 01:16:23 DEBUG    client.py   Запрос списка известных пользователей hoho
18-04-2022 01:16:24 DEBUG    client.py   Запрос контакт-листа для пользователя hoho
18-04-2022 01:16:24 DEBUG    client.py   Сформирован запрос {'action': 'get_contacts', 'time': 1650219384.1048026, 'user': 'hoho'}
18-04-2022 01:16:24 DEBUG    client.py   Получен ответ {'response': 202, 'data_list': []}
18-04-2022 01:16:24 DEBUG    client.py   Запущены процессы
18-04-2022 01:16:26 CRITICAL client.py   Потеряно соединение с сервером.
18-04-2022 13:45:38 INFO     client.py   Запущен клиент clio с параметрами: адрес сервера: 127.0.0.1, порт: 7777
18-04-2022 13:45:38 DEBUG    client.py   Сформировано presence сообщение для пользователя clio
18-04-2022 13:45:38 INFO     client.py   Установлено соединение с сервером. Ответ сервера: 200 : OK
18-04-2022 13:45:38 DEBUG    client.py   Запрос списка известных пользователей clio
18-04-2022 13:45:39 DEBUG    client.py   Запрос контакт-листа для пользователя clio
18-04-2022 13:45:39 DEBUG    client.py   Сформирован запрос {'action': 'get_contacts', 'time': 1650264339.390934, 'user': 'clio'}
18-04-2022 13:45:39 DEBUG    client.py   Получен ответ {'response': 202, 'data_list': []}
18-04-2022 13:45:39 DEBUG    client.py   Запущены процессы
18-04-2022 13:45:41 CRITICAL client.py   Потеряно соединение с сервером.
18-04-2022 22:43:20 INFO     client.py   Запущен клиент kl3 с параметрами: адрес сервера: 127.0.0.1, порт: 7777
18-04-2022 22:43:38 DEBUG    client.py   Сформировано presence сообщение для пользователя kl3
18-04-2022 22:48:01 INFO     client.py   Установлено соединение с сервером. Ответ сервера: 200 : OK
18-04-2022 22:51:09 DEBUG    client.py   Запрос списка известных пользователей kl3
18-04-2022 22:53:55 DEBUG    client.py   Запрос контакт-листа для пользователя kl3
18-04-2022 22:54:01 DEBUG    client.py   Сформирован запрос {'action': 'get_contacts', 'time': 1650297238.9093175, 'user': 'kl3'}
18-04-2022 22:54:20 DEBUG    client.py   Получен ответ {'response': 202, 'data_list': []}
18-04-2022 22:55:31 CRITICAL client.py   Потеряно соединение с сервером.
18-04-2022 23:04:18 INFO     client.py   Запущен клиент fafa78 с параметрами: адрес сервера: 127.0.0.1, порт: 7777
18-04-2022 23:04:18 DEBUG    client.py   Сформировано presence сообщение для пользователя fafa78
18-04-2022 23:04:19 INFO     client.py   Установлено соединение с сервером. Ответ сервера: 200 : OK
18-04-2022 23:04:19 DEBUG    client.py   Запрос списка известных пользователей fafa78
18-04-2022 23:04:19 DEBUG    client.py   Запрос контакт-листа для пользователя fafa78
18-04-2022 23:04:19 DEBUG    client.py   Сформирован запрос {'action': 'get_contacts', 'time': 1650297859.6600313, 'user': 'fafa78'}
18-04-2022 23:04:20 DEBUG    client.py   Получен ответ {'response': 202, 'data_list': []}
18-04-2022 23:04:20 DEBUG    client.py   Запущены процессы
18-04-2022 23:05:20 CRITICAL client.py   Потеряно соединение с сервером.
18-04-2022 23:19:09 INFO     client.py   Запущен клиент jkoi789 с параметрами: адрес сервера: 127.0.0.1, порт: 7777
18-04-2022 23:19:09 DEBUG    client.py   Сформировано presence сообщение для пользователя jkoi789
18-04-2022 23:19:10 INFO     client.py   Установлено соединение с сервером. Ответ сервера: 200 : OK
18-04-2022 23:19:10 DEBUG    client.py   Запрос списка известных пользователей jkoi789
18-04-2022 23:19:10 DEBUG    client.py   Запрос контакт-листа для пользователя jkoi789
18-04-2022 23:19:10 DEBUG    client.py   Сформирован запрос {'action': 'get_contacts', 'time': 1650298750.6800032, 'user': 'jkoi789'}
18-04-2022 23:19:11 DEBUG    client.py   Получен ответ {'response': 202, 'data_list': []}
18-04-2022 23:19:11 DEBUG    client.py   Запущены процессы
18-04-2022 23:25:52 CRITICAL client.py   Потеряно соединение с сервером.
18-04-2022 23:26:20 CRITICAL client.py   Потеряно соединение с сервером.
18-04-2022 23:50:13 INFO     client.py   Запущен клиент hjug с параметрами: адрес сервера: 127.0.0.1, порт: 7777
18-04-2022 23:50:13 DEBUG    client.py   Сформировано presence сообщение для пользователя hjug
18-04-2022 23:50:13 INFO     client.py   Установлено соединение с сервером. Ответ сервера: 200 : OK
18-04-2022 23:50:13 DEBUG    client.py   Запрос списка известных пользователей hjug
18-04-2022 23:50:14 DEBUG    client.py   Запрос контакт-листа для пользователя hjug
18-04-2022 23:50:14 DEBUG    client.py   Сформирован запрос {'action': 'get_contacts', 'time': 1650300614.492055, 'user': 'hjug'}
18-04-2022 23:50:14 DEBUG    client.py   Получен ответ {'response': 202, 'data_list': []}
18-04-2022 23:50:14 DEBUG    client.py   Запущены процессы
18-04-2022 23:50:16 CRITICAL client.py   Потеряно соединение с сервером.
18-04-2022 23:50:18 CRITICAL client.py   Потеряно соединение с сервером.
18-04-2022 23:50:20 CRITICAL client.py   Потеряно соединение с сервером.
18-04-2022 23:50:22 CRITICAL client.py   Потеряно соединение с сервером.
18-04-2022 23:50:25 CRITICAL client.py   Потеряно соединение с сервером.
18-04-2022 23:50:27 CRITICAL client.py   Потеряно соединение с сервером.
18-04-2022 23:50:29 CRITICAL client.py   Потеряно соединение с сервером.
18-04-2022 23:50:31 CRITICAL client.py   Потеряно соединение с сервером.
18-04-2022 23:50:33 CRITICAL client.py   Потеряно соединение с сервером.
18-04-2022 23:50:35 CRITICAL client.py   Потеряно соединение с сервером.
18-04-2022 23:50:37 CRITICAL client.py   Потеряно соединение с сервером.
18-04-2022 23:50:39 CRITICAL client.py   Потеряно соединение с сервером.
18-04-2022 23:50:41 CRITICAL client.py   Потеряно соединение с сервером.
18-04-2022 23:50:43 CRITICAL client.py   Потеряно соединение с сервером.
18-04-2022 23:50:45 CRITICAL client.py   Потеряно соединение с сервером.
18-04-2022 23:50:47 CRITICAL client.py   Потеряно соединение с сервером.
18-04-2022 23:50:49 CRITICAL client.py   Потеряно соединение с сервером.
18-04-2022 23:50:51 CRITICAL client.py   Потеряно соединение с сервером.
18-04-2022 23:50:53 CRITICAL client.py   Потеряно соединение с сервером.
18-04-2022 23:50:55 CRITICAL client.py   Потеряно соединение с сервером.
18-04-2022 23:50:57 CRITICAL client.py   Потеряно соединение с сервером.
18-04-2022 23:50:59 CRITICAL client.py   Потеряно соединение с сервером.
18-04-2022 23:51:01 CRITICAL client.py   Потеряно соединение с сервером.
18-04-2022 23:51:03 CRITICAL client.py   Потеряно соединение с сервером.
18-04-2022 23:51:05 CRITICAL client.py   Потеряно соединение с сервером.
18-04-2022 23:51:07 CRITICAL client.py   Потеряно соединение с сервером.
18-04-2022 23:51:09 CRITICAL client.py   Потеряно соединение с сервером.
18-04-2022 23:51:11 CRITICAL client.py   Потеряно соединение с сервером.
18-04-2022 23:51:13 CRITICAL client.py   Потеряно соединение с сервером.
18-04-2022 23:51:15 CRITICAL client.py   Потеряно соединение с сервером.
18-04-2022 23:51:17 CRITICAL client.py   Потеряно соединение с сервером.
18-04-2022 23:51:19 CRITICAL client.py   Потеряно соединение с сервером.
18-04-2022 23:51:21 CRITICAL client.py   Потеряно соединение с сервером.
18-04-2022 23:51:23 CRITICAL client.py   Потеряно соединение с сервером.
18-04-2022 23:51:25 CRITICAL client.py   Потеряно соединение с сервером.
18-04-2022 23:51:27 CRITICAL client.py   Потеряно соединение с сервером.
18-04-2022 23:51:29 CRITICAL client.py   Потеряно соединение с сервером.
18-04-2022 23:51:31 CRITICAL client.py   Потеряно соединение с сервером.
18-04-2022 23:51:33 CRITICAL client.py   Потеряно соединение с сервером.
18-04-2022 23:51:35 CRITICAL client.py   Потеряно соединение с сервером.
18-04-2022 23:51:37 CRITICAL client.py   Потеряно соединение с сервером.
18-04-2022 23:51:39 CRITICAL client.py   Потеряно соединение с сервером.
18-04-2022 23:51:41 CRITICAL client.py   Потеряно соединение с сервером.
18-04-2022 23:51:43 CRITICAL client.py   Потеряно соединение с сервером.
18-04-2022 23:51:45 CRITICAL client.py   Потеряно соединение с сервером.
18-04-2022 23:51:47 CRITICAL client.py   Потеряно соединение с сервером.
18-04-2022 23:51:49 CRITICAL client.py   Потеряно соединение с сервером.
18-04-2022 23:51:51 CRITICAL client.py   Потеряно соединение с сервером.
18-04-2022 23:51:53 CRITICAL client.py   Потеряно соединение с сервером.
18-04-2022 23:51:55 CRITICAL client.py   Потеряно соединение с сервером.
18-04-2022 23:51:57 CRITICAL client.py   Потеряно соединение с сервером.
18-04-2022 23:51:59 CRITICAL client.py   Потеряно соединение с сервером.
18-04-2022 23:52:01 CRITICAL client.py   Потеряно соединение с сервером.
18-04-2022 23:52:03 CRITICAL client.py   Потеряно соединение с сервером.
18-04-2022 23:52:05 CRITICAL client.py   Потеряно соединение с сервером.
18-04-2022 23:52:07 CRITICAL client.py   Потеряно соединение с сервером.
18-04-2022 23:52:09 CRITICAL client.py   Потеряно соединение с сервером.
18-04-2022 23:52:11 CRITICAL client.py   Потеряно соединение с сервером.
18-04-2022 23:52:13 CRITICAL client.py   Потеряно соединение с сервером.
18-04-2022 23:52:15 CRITICAL client.py   Потеряно соединение с сервером.
18-04-2022 23:52:17 CRITICAL client.py   Потеряно соединение с сервером.
18-04-2022 23:52:19 CRITICAL client.py   Потеряно соединение с сервером.
18-04-2022 23:52:21 CRITICAL client.py   Потеряно соединение с сервером.
18-04-2022 23:52:23 CRITICAL client.py   Потеряно соединение с сервером.
18-04-2022 23:52:25 CRITICAL client.py   Потеряно соединение с сервером.
18-04-2022 23:52:27 CRITICAL client.py   Потеряно соединение с сервером.
18-04-2022 23:52:29 CRITICAL client.py   Потеряно соединение с сервером.
18-04-2022 23:52:31 CRITICAL client.py   Потеряно соединение с сервером.
18-04-2022 23:52:33 CRITICAL client.py   Потеряно соединение с сервером.
18-04-2022 23:52:35 CRITICAL client.py   Потеряно соединение с сервером.
18-04-2022 23:52:37 CRITICAL client.py   Потеряно соединение с сервером.
18-04-2022 23:52:39 CRITICAL client.py   Потеряно соединение с сервером.
18-04-2022 23:52:41 CRITICAL client.py   Потеряно соединение с сервером.
18-04-2022 23:52:43 CRITICAL client.py   Потеряно соединение с сервером.
18-04-2022 23:52:45 CRITICAL client.py   Потеряно соединение с сервером.
18-04-2022 23:52:47 CRITICAL client.py   Потеряно соединение с сервером.
18-04-2022 23:52:49 CRITICAL client.py   Потеряно соединение с сервером.
18-04-2022 23:52:51 CRITICAL client.py   Потеряно соединение с сервером.
18-04-2022 23:52:53 CRITICAL client.py   Потеряно соединение с сервером.
18-04-2022 23:52:55 CRITICAL client.py   Потеряно соединение с сервером.
18-04-2022 23:52:57 CRITICAL client.py   Потеряно соединение с сервером.
18-04-2022 23:52:59 CRITICAL client.py   Потеряно соединение с сервером.
18-04-2022 23:53:01 CRITICAL client.py   Потеряно соединение с сервером.
18-04-2022 23:53:03 CRITICAL client.py   Потеряно соединение с сервером.
18-04-2022 23:53:05 CRITICAL client.py   Потеряно соединение с сервером.
18-04-2022 23:53:07 CRITICAL client.py   Потеряно соединение с сервером.
18-04-2022 23:53:09 CRITICAL client.py   Потеряно соединение с сервером.
18-04-2022 23:53:11 CRITICAL client.py   Потеряно соединение с сервером.
18-04-2022 23:53:13 CRITICAL client.py   Потеряно соединение с сервером.
18-04-2022 23:53:15 CRITICAL client.py   Потеряно соединение с сервером.
18-04-2022 23:53:17 CRITICAL client.py   Потеряно соединение с сервером.
18-04-2022 23:53:19 CRITICAL client.py   Потеряно соединение с сервером.
18-04-2022 23:53:21 CRITICAL client.py   Потеряно соединение с сервером.
18-04-2022 23:53:23 CRITICAL client.py   Потеряно соединение с сервером.
18-04-2022 23:53:23 INFO     client.py   Запущен клиент hjhkh с параметрами: адрес сервера: 127.0.0.1, порт: 7777
18-04-2022 23:53:23 DEBUG    client.py   Сформировано presence сообщение для пользователя hjhkh
18-04-2022 23:53:23 INFO     client.py   Установлено соединение с сервером. Ответ сервера: 200 : OK
18-04-2022 23:53:23 DEBUG    client.py   Запрос списка известных пользователей hjhkh
18-04-2022 23:53:23 DEBUG    client.py   Запрос контакт-листа для пользователя hjhkh
18-04-2022 23:53:23 DEBUG    client.py   Сформирован запрос {'action': 'get_contacts', 'time': 1650300803.998291, 'user': 'hjhkh'}
18-04-2022 23:53:24 DEBUG    client.py   Получен ответ {'response': 202, 'data_list': []}
18-04-2022 23:53:24 DEBUG    client.py   Запущены процессы
18-04-2022 23:53:25 CRITICAL client.py   Потеряно соединение с сервером.
18-04-2022 23:53:26 CRITICAL client.py   Потеряно соединение с сервером.
18-04-2022 23:53:27 CRITICAL client.py   Потеряно соединение с сервером.
18-04-2022 23:53:28 CRITICAL client.py   Потеряно соединение с сервером.
18-04-2022 23:53:29 CRITICAL client.py   Потеряно соединение с сервером.
18-04-2022 23:53:30 CRITICAL client.py   Потеряно соединение с сервером.
18-04-2022 23:53:31 CRITICAL client.py   Потеряно соединение с сервером.
18-04-2022 23:53:32 CRITICAL client.py   Потеряно соединение с сервером.
18-04-2022 23:53:33 CRITICAL client.py   Потеряно соединение с сервером.
18-04-2022 23:53:34 CRITICAL client.py   Потеряно соединение с сервером.
18-04-2022 23:53:35 CRITICAL client.py   Потеряно соединение с сервером.
18-04-2022 23:53:36 CRITICAL client.py   Потеряно соединение с сервером.
18-04-2022 23:53:37 CRITICAL client.py   Потеряно соединение с сервером.
18-04-2022 23:53:38 CRITICAL client.py   Потеряно соединение с сервером.
18-04-2022 23:53:39 CRITICAL client.py   Потеряно соединение с сервером.
18-04-2022 23:53:40 CRITICAL client.py   Потеряно соединение с сервером.
18-04-2022 23:53:41 CRITICAL client.py   Потеряно соединение с сервером.
18-04-2022 23:53:42 CRITICAL client.py   Потеряно соединение с сервером.
18-04-2022 23:53:43 CRITICAL client.py   Потеряно соединение с сервером.
18-04-2022 23:53:44 CRITICAL client.py   Потеряно соединение с сервером.
18-04-2022 23:53:45 CRITICAL client.py   Потеряно соединение с сервером.
18-04-2022 23:53:46 CRITICAL client.py   Потеряно соединение с сервером.
18-04-2022 23:53:47 CRITICAL client.py   Потеряно соединение с сервером.
18-04-2022 23:53:48 CRITICAL client.py   Потеряно соединение с сервером.
18-04-2022 23:53:49 CRITICAL client.py   Потеряно соединение с сервером.
18-04-2022 23:53:50 CRITICAL client.py   Потеряно соединение с сервером.
18-04-2022 23:53:51 CRITICAL client.py   Потеряно соединение с сервером.
18-04-2022 23:53:52 CRITICAL client.py   Потеряно соединение с сервером.
18-04-2022 23:53:53 CRITICAL client.py   Потеряно соединение с сервером.
18-04-2022 23:53:54 CRITICAL client.py   Потеряно соединение с сервером.
18-04-2022 23:53:55 CRITICAL client.py   Потеряно соединение с сервером.
18-04-2022 23:53:56 CRITICAL client.py   Потеряно соединение с сервером.
18-04-2022 23:53:57 CRITICAL client.py   Потеряно соединение с сервером.
18-04-2022 23:53:58 CRITICAL client.py   Потеряно соединение с сервером.
18-04-2022 23:53:59 CRITICAL client.py   Потеряно соединение с сервером.
18-04-2022 23:54:00 CRITICAL client.py   Потеряно соединение с сервером.
18-04-2022 23:54:01 CRITICAL client.py   Потеряно соединение с сервером.
18-04-2022 23:54:02 CRITICAL client.py   Потеряно соединение с сервером.
18-04-2022 23:54:03 CRITICAL client.py   Потеряно соединение с сервером.
18-04-2022 23:54:04 CRITICAL client.py   Потеряно соединение с сервером.
18-04-2022 23:54:05 CRITICAL client.py   Потеряно соединение с сервером.
18-04-2022 23:54:06 CRITICAL client.py   Потеряно соединение с сервером.
18-04-2022 23:54:07 CRITICAL client.py   Потеряно соединение с сервером.
18-04-2022 23:54:08 CRITICAL client.py   Потеряно соединение с сервером.
18-04-2022 23:54:09 CRITICAL client.py   Потеряно соединение с сервером.
18-04-2022 23:54:10 CRITICAL client.py   Потеряно соединение с сервером.
18-04-2022 23:54:11 CRITICAL client.py   Потеряно соединение с сервером.
18-04-2022 23:54:12 CRITICAL client.py   Потеряно соединение с сервером.
18-04-2022 23:54:13 CRITICAL client.py   Потеряно соединение с сервером.
18-04-2022 23:54:14 CRITICAL client.py   Потеряно соединение с сервером.
18-04-2022 23:54:15 CRITICAL client.py   Потеряно соединение с сервером.
18-04-2022 23:54:16 CRITICAL client.py   Потеряно соединение с сервером.
18-04-2022 23:54:17 CRITICAL client.py   Потеряно соединение с сервером.
18-04-2022 23:54:18 CRITICAL client.py   Потеряно соединение с сервером.
18-04-2022 23:54:19 CRITICAL client.py   Потеряно соединение с сервером.
18-04-2022 23:54:20 CRITICAL client.py   Потеряно соединение с сервером.
18-04-2022 23:54:21 CRITICAL client.py   Потеряно соединение с сервером.
18-04-2022 23:54:22 CRITICAL client.py   Потеряно соединение с сервером.
18-04-2022 23:54:23 CRITICAL client.py   Потеряно соединение с сервером.
18-04-2022 23:54:24 CRITICAL client.py   Потеряно соединение с сервером.
18-04-2022 23:54:25 CRITICAL client.py   Потеряно соединение с сервером.
18-04-2022 23:54:26 CRITICAL client.py   Потеряно соединение с сервером.
18-04-2022 23:54:27 CRITICAL client.py   Потеряно соединение с сервером.
18-04-2022 23:54:28 CRITICAL client.py   Потеряно соединение с сервером.
18-04-2022 23:54:29 CRITICAL client.py   Потеряно соединение с сервером.
18-04-2022 23:54:30 CRITICAL client.py   Потеряно соединение с сервером.
18-04-2022 23:54:31 CRITICAL client.py   Потеряно соединение с сервером.
18-04-2022 23:54:32 CRITICAL client.py   Потеряно соединение с сервером.
18-04-2022 23:54:33 CRITICAL client.py   Потеряно соединение с сервером.
18-04-2022 23:54:34 CRITICAL client.py   Потеряно соединение с сервером.
18-04-2022 23:54:35 CRITICAL client.py   Потеряно соединение с сервером.
18-04-2022 23:54:36 CRITICAL client.py   Потеряно соединение с сервером.
18-04-2022 23:54:37 CRITICAL client.py   Потеряно соединение с сервером.
18-04-2022 23:54:38 CRITICAL client.py   Потеряно соединение с сервером.
18-04-2022 23:54:39 CRITICAL client.py   Потеряно соединение с сервером.
18-04-2022 23:54:40 CRITICAL client.py   Потеряно соединение с сервером.
18-04-2022 23:54:41 CRITICAL client.py   Потеряно соединение с сервером.
18-04-2022 23:54:42 CRITICAL client.py   Потеряно соединение с сервером.
18-04-2022 23:54:43 CRITICAL client.py   Потеряно соединение с сервером.
18-04-2022 23:54:44 CRITICAL client.py   Потеряно соединение с сервером.
18-04-2022 23:54:45 CRITICAL client.py   Потеряно соединение с сервером.
18-04-2022 23:54:46 CRITICAL client.py   Потеряно соединение с сервером.
18-04-2022 23:54:47 CRITICAL client.py   Потеряно соединение с сервером.
18-04-2022 23:54:48 CRITICAL client.py   Потеряно соединение с сервером.
18-04-2022 23:54:49 CRITICAL client.py   Потеряно соединение с сервером.
18-04-2022 23:54:50 CRITICAL client.py   Потеряно соединение с сервером.
18-04-2022 23:54:51 CRITICAL client.py   Потеряно соединение с сервером.
18-04-2022 23:54:52 CRITICAL client.py   Потеряно соединение с сервером.
18-04-2022 23:54:53 CRITICAL client.py   Потеряно соединение с сервером.
18-04-2022 23:54:54 CRITICAL client.py   Потеряно соединение с сервером.
18-04-2022 23:54:55 CRITICAL client.py   Потеряно соединение с сервером.
18-04-2022 23:54:56 CRITICAL client.py   Потеряно соединение с сервером.
18-04-2022 23:54:57 CRITICAL client.py   Потеряно соединение с сервером.
18-04-2022 23:54:58 CRITICAL client.py   Потеряно соединение с сервером.
18-04-2022 23:54:59 CRITICAL client.py   Потеряно соединение с сервером.
18-04-2022 23:55:00 CRITICAL client.py   Потеряно соединение с сервером.
18-04-2022 23:55:01 CRITICAL client.py   Потеряно соединение с сервером.
18-04-2022 23:55:02 CRITICAL client.py   Потеряно соединение с сервером.
18-04-2022 23:55:03 CRITICAL client.py   Потеряно соединение с сервером.
18-04-2022 23:55:04 CRITICAL client.py   Потеряно соединение с сервером.
18-04-2022 23:55:05 CRITICAL client.py   Потеряно соединение с сервером.
20-04-2022 23:43:29 INFO     net_client.py Запущен клиент test1 с параметрами: адрес сервера: 127.0.0.1, порт: 7777
20-04-2022 23:43:29 INFO     net_client.py Моя попытка №0
20-04-2022 23:43:29 INFO     net_client.py Моя попытка №0 не удалась
20-04-2022 23:43:30 INFO     net_client.py Моя попытка №1
20-04-2022 23:43:30 INFO     net_client.py Моя попытка №1 не удалась
20-04-2022 23:43:31 INFO     net_client.py Моя попытка №2
20-04-2022 23:43:31 INFO     net_client.py Моя попытка №2 не удалась
20-04-2022 23:43:32 INFO     net_client.py Моя попытка №3
20-04-2022 23:43:32 INFO     net_client.py Моя попытка №3 не удалась
20-04-2022 23:43:33 INFO     net_client.py Моя попытка №4
20-04-2022 23:43:33 INFO     net_client.py Моя попытка №4 не удалась
21-04-2022 01:27:38 INFO     net_client.py Запущен клиент test1 с параметрами: адрес сервера: 127.0.0.1, порт: 7777
21-04-2022 01:27:38 INFO     net_client.py Моя попытка №0
21-04-2022 01:27:38 INFO     net_client.py Моя попытка №0 не удалась
21-04-2022 01:27:39 INFO     net_client.py Моя попытка №1
21-04-2022 01:27:39 INFO     net_client.py Моя попытка №1 не удалась
21-04-2022 01:27:40 INFO     net_client.py Моя попытка №2
21-04-2022 01:27:40 INFO     net_client.py Моя попытка №2 не удалась
21-04-2022 01:27:41 INFO     net_client.py Моя попытка №3
21-04-2022 01:27:41 INFO     net_client.py Моя попытка №3 не удалась
21-04-2022 01:27:42 INFO     net_client.py Моя попытка №4
21-04-2022 01:27:42 INFO     net_client.py Моя попытка №4 не удалась
21-04-2022 01:28:19 INFO     client.py   Запущен клиент ghghg с параметрами: адрес сервера: 127.0.0.1, порт: 7777
21-04-2022 01:28:19 INFO     net_client.py Запущен клиент ghghg с параметрами: адрес сервера: 127.0.0.1, порт: 7777
21-04-2022 01:28:19 INFO     net_client.py Моя попытка №0
21-04-2022 01:28:19 INFO     net_client.py Моя попытка №0 не удалась
21-04-2022 01:28:20 INFO     net_client.py Моя попытка №1
21-04-2022 01:28:20 INFO     net_client.py Моя попытка №1 не удалась
21-04-2022 01:28:21 INFO     net_client.py Моя попытка №2
21-04-2022 01:28:21 INFO     net_client.py Моя попытка №2 не удалась
21-04-2022 01:28:22 INFO     net_client.py Моя попытка №3
21-04-2022 01:28:22 INFO     net_client.py Моя попытка №3 не удалась
21-04-2022 01:28:23 INFO     net_client.py Моя попытка №4
21-04-2022 01:28:23 INFO     net_client.py Моя попытка №4 не удалась
21-04-2022 19:46:12 INFO     client.py   Запущен клиент jhlhlj с параметрами: адрес сервера: 127.0.0.1, порт: 7777
21-04-2022 19:46:12 INFO     net_client.py Запущен клиент jhlhlj с параметрами: адрес сервера: 127.0.0.1, порт: 7777
21-04-2022 19:46:12 INFO     net_client.py Моя попытка №0
21-04-2022 19:46:12 INFO     net_client.py Моя попытка №0 не удалась
21-04-2022 19:46:13 INFO     net_client.py Моя попытка №1
21-04-2022 19:46:13 INFO     net_client.py Моя попытка №1 не удалась
21-04-2022 19:46:14 INFO     net_client.py Моя попытка №2
21-04-2022 19:46:14 INFO     net_client.py Моя попытка №2 не удалась
21-04-2022 19:46:15 INFO     net_client.py Моя попытка №3
21-04-2022 19:46:15 INFO     net_client.py Моя попытка №3 не удалась
21-04-2022 19:46:16 INFO     net_client.py Моя попытка №4
21-04-2022 19:46:16 INFO     net_client.py Моя попытка №4 не удалась
21-04-2022 23:01:21 INFO     client.py   Запущен клиент Fargo с параметрами: адрес сервера: 127.0.0.1, порт: 7777
21-04-2022 23:01:21 INFO     net_client.py Запущен клиент Fargo с параметрами: адрес сервера: 127.0.0.1, порт: 7777
21-04-2022 23:01:21 INFO     net_client.py Моя попытка №0
21-04-2022 23:01:21 DEBUG    net_client.py Установлено соединение с сервером
21-04-2022 23:01:21 DEBUG    net_client.py Сформировано presence сообщение для пользователя Fargo
21-04-2022 23:27:21 INFO     client.py   Запущен клиент Fargo с параметрами: адрес сервера: 127.0.0.1, порт: 7777
21-04-2022 23:40:26 INFO     net_client.py Запущен клиент Fargo с параметрами: адрес сервера: 127.0.0.1, порт: 7777
21-04-2022 23:43:20 INFO     client.py   Запущен клиент forga с параметрами: адрес сервера: 127.0.0.1, порт: 7777
21-04-2022 23:43:20 INFO     net_client.py Запущен клиент forga с параметрами: адрес сервера: 127.0.0.1, порт: 7777
21-04-2022 23:43:20 INFO     net_client.py Моя попытка №0
21-04-2022 23:43:20 DEBUG    net_client.py Установлено соединение с сервером
21-04-2022 23:43:20 DEBUG    net_client.py Сформировано presence сообщение для пользователя forga
21-04-2022 23:44:09 INFO     client.py   Запущен клиент fargou с параметрами: адрес сервера: 127.0.0.1, порт: 7777
21-04-2022 23:49:39 INFO     net_client.py Запущен клиент fargou с параметрами: адрес сервера: 127.0.0.1, порт: 7777
21-04-2022 23:50:18 INFO     net_client.py Моя попытка №0
21-04-2022 23:53:10 DEBUG    net_client.py Установлено соединение с сервером
21-04-2022 23:55:12 DEBUG    net_client.py Сформировано presence сообщение для пользователя fargou
21-04-2022 23:57:44 INFO     client.py   Запущен клиент Fargo с параметрами: адрес сервера: 127.0.0.1, порт: 7777
21-04-2022 23:58:30 INFO     net_client.py Запущен клиент Fargo с параметрами: адрес сервера: 127.0.0.1, порт: 7777
21-04-2022 23:58:41 INFO     net_client.py Моя попытка №0
21-04-2022 23:59:17 DEBUG    net_client.py Установлено соединение с сервером
22-04-2022 00:03:26 DEBUG    net_client.py Сформировано presence сообщение для пользователя Fargo
22-04-2022 00:33:11 INFO     client.py   Запущен клиент gonzo с параметрами: адрес сервера: 127.0.0.1, порт: 7777
22-04-2022 00:33:24 INFO     net_client.py Запущен клиент gonzo с параметрами: адрес сервера: 127.0.0.1, порт: 7777
22-04-2022 00:33:29 INFO     net_client.py Моя попытка №0
22-04-2022 00:33:35 DEBUG    net_client.py Установлено соединение с сервером
22-04-2022 00:33:39 DEBUG    net_client.py Сформировано presence сообщение для пользователя gonzo
22-04-2022 00:33:40 INFO     net_client.py Установлено соединение с сервером. Ответ сервера: 200 : OK
22-04-2022 00:33:43 DEBUG    net_client.py Запрос списка известных пользователей gonzo
22-04-2022 00:37:18 INFO     client.py   Запущен клиент gondzo с параметрами: адрес сервера: 127.0.0.1, порт: 7777
22-04-2022 00:37:18 INFO     net_client.py Запущен клиент gondzo с параметрами: адрес сервера: 127.0.0.1, порт: 7777
22-04-2022 00:37:18 INFO     net_client.py Моя попытка №0
22-04-2022 00:37:18 DEBUG    net_client.py Установлено соединение с сервером
22-04-2022 00:37:18 DEBUG    net_client.py Сформировано presence сообщение для пользователя gondzo
22-04-2022 00:37:19 INFO     net_client.py Установлено соединение с сервером. Ответ сервера: 200 : OK
22-04-2022 00:37:19 DEBUG    net_client.py Запрос списка известных пользователей gondzo
22-04-2022 00:43:32 INFO     client.py   Запущен клиент frodo с параметрами: адрес сервера: 127.0.0.1, порт: 7777
22-04-2022 00:43:32 INFO     net_client.py Запущен клиент frodo с параметрами: адрес сервера: 127.0.0.1, порт: 7777
22-04-2022 00:43:32 INFO     net_client.py Моя попытка №0
22-04-2022 00:43:32 DEBUG    net_client.py Установлено соединение с сервером
22-04-2022 00:43:32 DEBUG    net_client.py Сформировано presence сообщение для пользователя frodo
22-04-2022 00:43:32 INFO     net_client.py Установлено соединение с сервером. Ответ сервера: 200 : OK
22-04-2022 00:43:32 DEBUG    net_client.py Запрос списка известных пользователей frodo
22-04-2022 00:43:33 DEBUG    net_client.py Запрос контакт листа для пользователя Thread-1
22-04-2022 00:43:33 DEBUG    net_client.py Сформирован запрос {'action': 'get_contacts', 'time': 1650563013.0123196, 'user': 'frodo'}
22-04-2022 00:43:33 DEBUG    net_client.py Получен ответ {'response': 202, 'data_list': []}
22-04-2022 00:43:33 INFO     net_client.py Запущен приём сообщений с сервера.
22-04-2022 22:06:16 INFO     client.py   Запущен клиент klopf с параметрами: адрес сервера: 127.0.0.1, порт: 7777
22-04-2022 22:06:16 INFO     net_client.py Запущен клиент klopf с параметрами: адрес сервера: 127.0.0.1, порт: 7777
22-04-2022 22:06:16 INFO     net_client.py Моя попытка №0
22-04-2022 22:06:16 DEBUG    net_client.py Установлено соединение с сервером
22-04-2022 22:06:16 DEBUG    net_client.py Сформировано presence сообщение для пользователя klopf
22-04-2022 22:06:16 INFO     net_client.py Установлено соединение с сервером. Ответ сервера: 200 : OK
22-04-2022 22:06:16 DEBUG    net_client.py Запрос списка известных пользователей klopf
22-04-2022 22:06:17 DEBUG    net_client.py Запрос контакт листа для пользователя Thread-1
22-04-2022 22:06:17 DEBUG    net_client.py Сформирован запрос {'action': 'get_contacts', 'time': 1650639977.2794764, 'user': 'klopf'}
22-04-2022 22:06:17 DEBUG    net_client.py Получен ответ {'response': 202, 'data_list': []}
22-04-2022 22:06:17 INFO     net_client.py Запущен приём сообщений с сервера.
22-04-2022 22:28:08 INFO     client.py   Запущен клиент koloi с параметрами: адрес сервера: 127.0.0.1, порт: 7777
22-04-2022 22:28:08 INFO     net_client.py Запущен клиент koloi с параметрами: адрес сервера: 127.0.0.1, порт: 7777
22-04-2022 22:28:08 INFO     net_client.py Моя попытка №0
22-04-2022 22:28:08 DEBUG    net_client.py Установлено соединение с сервером
22-04-2022 22:28:08 DEBUG    net_client.py Сформировано presence сообщение для пользователя koloi
22-04-2022 22:28:08 INFO     net_client.py Установлено соединение с сервером. Ответ сервера: 200 : OK
22-04-2022 22:28:08 DEBUG    net_client.py Запрос списка известных пользователей koloi
22-04-2022 22:28:08 DEBUG    net_client.py Запрос контакт листа для пользователя Thread-1
22-04-2022 22:28:08 DEBUG    net_client.py Сформирован запрос {'action': 'get_contacts', 'time': 1650641288.9112327, 'user': 'koloi'}
22-04-2022 22:28:09 DEBUG    net_client.py Получен ответ {'response': 202, 'data_list': []}
22-04-2022 22:28:09 INFO     net_client.py Запущен приём сообщений с сервера.
22-04-2022 22:29:06 INFO     client.py   Запущен клиент typlo с параметрами: адрес сервера: 127.0.0.1, порт: 7777
22-04-2022 22:29:06 INFO     net_client.py Запущен клиент typlo с параметрами: адрес сервера: 127.0.0.1, порт: 7777
22-04-2022 22:29:06 INFO     net_client.py Моя попытка №0
22-04-2022 22:29:06 DEBUG    net_client.py Установлено соединение с сервером
22-04-2022 22:29:06 DEBUG    net_client.py Сформировано presence сообщение для пользователя typlo
22-04-2022 22:29:06 INFO     net_client.py Установлено соединение с сервером. Ответ сервера: 200 : OK
22-04-2022 22:29:06 DEBUG    net_client.py Запрос списка известных пользователей typlo
22-04-2022 22:29:06 DEBUG    net_client.py Запрос контакт листа для пользователя Thread-1
22-04-2022 22:29:06 DEBUG    net_client.py Сформирован запрос {'action': 'get_contacts', 'time': 1650641346.6348155, 'user': 'typlo'}
22-04-2022 22:29:07 DEBUG    net_client.py Получен ответ {'response': 202, 'data_list': []}
22-04-2022 22:29:07 INFO     net_client.py Запущен приём сообщений с сервера.
22-04-2022 22:30:00 INFO     client.py   Запущен клиент yui с параметрами: адрес сервера: 127.0.0.1, порт: 7777
22-04-2022 22:30:00 INFO     net_client.py Запущен клиент yui с параметрами: адрес сервера: 127.0.0.1, порт: 7777
22-04-2022 22:30:00 INFO     net_client.py Моя попытка №0
22-04-2022 22:30:00 DEBUG    net_client.py Установлено соединение с сервером
22-04-2022 22:30:00 DEBUG    net_client.py Сформировано presence сообщение для пользователя yui
22-04-2022 22:30:00 INFO     net_client.py Установлено соединение с сервером. Ответ сервера: 200 : OK
22-04-2022 22:30:00 DEBUG    net_client.py Запрос списка известных пользователей yui
22-04-2022 22:30:00 DEBUG    net_client.py Запрос контакт листа для пользователя Thread-1
22-04-2022 22:30:00 DEBUG    net_client.py Сформирован запрос {'action': 'get_contacts', 'time': 1650641400.9160192, 'user': 'yui'}
22-04-2022 22:30:01 DEBUG    net_client.py Получен ответ {'response': 202, 'data_list': []}
22-04-2022 22:30:01 INFO     net_client.py Запущен приём сообщений с сервера.
22-04-2022 22:33:26 DEBUG    net_client.py Запрос списка известных пользователей typlo
22-04-2022 22:34:03 DEBUG    net_client.py Создание контакта gondzo
22-04-2022 22:34:03 DEBUG    net_client.py Принято сообщение с сервера: {'response': 200}
22-04-2022 22:34:04 DEBUG    net_client.py Создание контакта gondzo
22-04-2022 22:34:04 DEBUG    net_client.py Создание контакта gondzo
22-04-2022 22:34:05 DEBUG    net_client.py Создание контакта gondzo
22-04-2022 22:34:05 DEBUG    net_client.py Создание контакта gondzo
22-04-2022 22:34:05 DEBUG    net_client.py Создание контакта gondzo
22-04-2022 22:34:08 DEBUG    net_client.py Создание контакта gondzo
22-04-2022 22:34:08 DEBUG    net_client.py Создание контакта gondzo
22-04-2022 22:34:08 DEBUG    net_client.py Создание контакта gondzo
22-04-2022 22:34:13 DEBUG    net_client.py Создание контакта cli78
22-04-2022 22:36:04 DEBUG    net_client.py Запрос списка известных пользователей yui
22-04-2022 22:43:36 INFO     client.py   Запущен клиент fargo с параметрами: адрес сервера: 127.0.0.1, порт: 7777
22-04-2022 22:43:36 INFO     net_client.py Запущен клиент fargo с параметрами: адрес сервера: 127.0.0.1, порт: 7777
22-04-2022 22:43:36 INFO     net_client.py Моя попытка №0
22-04-2022 22:43:36 DEBUG    net_client.py Установлено соединение с сервером
22-04-2022 22:43:36 DEBUG    net_client.py Сформировано presence сообщение для пользователя fargo
22-04-2022 22:43:36 INFO     net_client.py Установлено соединение с сервером. Ответ сервера: 200 : OK
22-04-2022 22:43:36 DEBUG    net_client.py Запрос списка известных пользователей fargo
22-04-2022 22:43:37 DEBUG    net_client.py Запрос контакт листа для пользователя Thread-1
22-04-2022 22:43:37 DEBUG    net_client.py Сформирован запрос {'action': 'get_contacts', 'time': 1650642217.1621697, 'user': 'fargo'}
22-04-2022 22:43:37 DEBUG    net_client.py Получен ответ {'response': 202, 'data_list': []}
22-04-2022 22:43:37 INFO     net_client.py Запущен приём сообщений с сервера.
22-04-2022 22:44:05 DEBUG    net_client.py Создание контакта yui
22-04-2022 23:02:37 INFO     client.py   Запущен клиент typlo с параметрами: адрес сервера: 127.0.0.1, порт: 7777
22-04-2022 23:02:37 INFO     net_client.py Запущен клиент typlo с параметрами: адрес сервера: 127.0.0.1, порт: 7777
22-04-2022 23:02:37 INFO     net_client.py Моя попытка №0
22-04-2022 23:02:37 DEBUG    net_client.py Установлено соединение с сервером
22-04-2022 23:02:37 DEBUG    net_client.py Сформировано presence сообщение для пользователя typlo
22-04-2022 23:02:37 INFO     net_client.py Установлено соединение с сервером. Ответ сервера: 200 : OK
22-04-2022 23:02:37 DEBUG    net_client.py Запрос списка известных пользователей typlo
22-04-2022 23:02:38 DEBUG    net_client.py Запрос контакт листа для пользователя Thread-1
22-04-2022 23:02:38 DEBUG    net_client.py Сформирован запрос {'action': 'get_contacts', 'time': 1650643358.3108833, 'user': 'typlo'}
22-04-2022 23:02:38 DEBUG    net_client.py Получен ответ {'response': 202, 'data_list': ['gondzo']}
22-04-2022 23:11:32 DEBUG    net_client.py Потеряно соединение с сервером.
22-04-2022 23:11:33 DEBUG    net_client.py Потеряно соединение с сервером.
22-04-2022 23:12:07 INFO     client.py   Запущен клиент fort с параметрами: адрес сервера: 127.0.0.1, порт: 7777
22-04-2022 23:12:07 INFO     net_client.py Запущен клиент fort с параметрами: адрес сервера: 127.0.0.1, порт: 7777
22-04-2022 23:12:07 INFO     net_client.py Моя попытка №0
22-04-2022 23:12:07 DEBUG    net_client.py Установлено соединение с сервером
22-04-2022 23:12:07 DEBUG    net_client.py Сформировано presence сообщение для пользователя fort
22-04-2022 23:12:07 INFO     net_client.py Установлено соединение с сервером. Ответ сервера: 200 : OK
22-04-2022 23:12:07 DEBUG    net_client.py Запрос списка известных пользователей fort
22-04-2022 23:12:07 DEBUG    net_client.py Запрос контакт листа для пользователя Thread-1
22-04-2022 23:12:07 DEBUG    net_client.py Сформирован запрос {'action': 'get_contacts', 'time': 1650643927.9324434, 'user': 'fort'}
22-04-2022 23:12:08 DEBUG    net_client.py Получен ответ {'response': 202, 'data_list': []}
22-04-2022 23:12:08 INFO     net_client.py Запущен приём сообщений с сервера.
22-04-2022 23:12:40 INFO     client.py   Запущен клиент fanta с параметрами: адрес сервера: 127.0.0.1, порт: 7777
22-04-2022 23:12:40 INFO     net_client.py Запущен клиент fanta с параметрами: адрес сервера: 127.0.0.1, порт: 7777
22-04-2022 23:12:40 INFO     net_client.py Моя попытка №0
22-04-2022 23:12:40 DEBUG    net_client.py Установлено соединение с сервером
22-04-2022 23:12:40 DEBUG    net_client.py Сформировано presence сообщение для пользователя fanta
22-04-2022 23:12:40 INFO     net_client.py Установлено соединение с сервером. Ответ сервера: 200 : OK
22-04-2022 23:12:40 DEBUG    net_client.py Запрос списка известных пользователей fanta
22-04-2022 23:12:41 DEBUG    net_client.py Запрос контакт листа для пользователя Thread-1
22-04-2022 23:12:41 DEBUG    net_client.py Сформирован запрос {'action': 'get_contacts', 'time': 1650643961.1028867, 'user': 'fanta'}
22-04-2022 23:12:41 DEBUG    net_client.py Получен ответ {'response': 202, 'data_list': []}
22-04-2022 23:12:41 INFO     net_client.py Запущен приём сообщений с сервера.
22-04-2022 23:13:26 DEBUG    net_client.py Запрос списка известных пользователей fanta
22-04-2022 23:13:56 DEBUG    net_client.py Создание контакта fort
22-04-2022 23:16:55 INFO     client.py   Запущен клиент Fargo с параметрами: адрес сервера: 127.0.0.1, порт: 7777
22-04-2022 23:16:55 INFO     net_client.py Запущен клиент Fargo с параметрами: адрес сервера: 127.0.0.1, порт: 7777
22-04-2022 23:16:55 INFO     net_client.py Моя попытка №0
22-04-2022 23:16:55 DEBUG    net_client.py Установлено соединение с сервером
22-04-2022 23:16:55 DEBUG    net_client.py Сформировано presence сообщение для пользователя Fargo
22-04-2022 23:16:55 INFO     net_client.py Установлено соединение с сервером. Ответ сервера: 200 : OK
22-04-2022 23:16:55 DEBUG    net_client.py Запрос списка известных пользователей Fargo
22-04-2022 23:16:56 DEBUG    net_client.py Запрос контакт листа для пользователя Thread-1
22-04-2022 23:16:56 DEBUG    net_client.py Сформирован запрос {'action': 'get_contacts', 'time': 1650644216.166748, 'user': 'Fargo'}
22-04-2022 23:16:56 DEBUG    net_client.py Получен ответ {'response': 202, 'data_list': []}
22-04-2022 23:16:56 INFO     net_client.py Запущен приём сообщений с сервера.
22-04-2022 23:17:11 INFO     client.py   Запущен клиент fort с параметрами: адрес сервера: 127.0.0.1, порт: 7777
22-04-2022 23:17:11 INFO     net_client.py Запущен клиент fort с параметрами: адрес сервера: 127.0.0.1, порт: 7777
22-04-2022 23:17:11 INFO     net_client.py Моя попытка №0
22-04-2022 23:17:11 DEBUG    net_client.py Установлено соединение с сервером
22-04-2022 23:17:11 DEBUG    net_client.py Сформировано presence сообщение для пользователя fort
22-04-2022 23:17:11 INFO     net_client.py Установлено соединение с сервером. Ответ сервера: 200 : OK
22-04-2022 23:17:11 DEBUG    net_client.py Запрос списка известных пользователей fort
22-04-2022 23:17:12 DEBUG    net_client.py Запрос контакт листа для пользователя Thread-1
22-04-2022 23:17:12 DEBUG    net_client.py Сформирован запрос {'action': 'get_contacts', 'time': 1650644232.2978873, 'user': 'fort'}
22-04-2022 23:17:12 DEBUG    net_client.py Получен ответ {'response': 202, 'data_list': []}
22-04-2022 23:17:12 INFO     net_client.py Запущен приём сообщений с сервера.
22-04-2022 23:17:33 DEBUG    net_client.py Создание контакта Fargo
22-04-2022 23:17:40 DEBUG    net_client.py Сформирован словарь сообщения: {'action': 'message', 'from': 'fort', 'to': 'Fargo', 'time': 1650644260.1240056, 'mess_text': 'dgdfg'}
22-04-2022 23:19:42 INFO     client.py   Запущен клиент Fargo с параметрами: адрес сервера: 127.0.0.1, порт: 7777
22-04-2022 23:19:42 INFO     net_client.py Запущен клиент Fargo с параметрами: адрес сервера: 127.0.0.1, порт: 7777
22-04-2022 23:19:42 INFO     net_client.py Моя попытка №0
22-04-2022 23:19:42 DEBUG    net_client.py Установлено соединение с сервером
22-04-2022 23:19:42 DEBUG    net_client.py Сформировано presence сообщение для пользователя Fargo
22-04-2022 23:19:42 ERROR    net_client.py При установке соединения сервер вернул ошибку: 400 : Имя пользователя уже занято.
22-04-2022 23:20:17 INFO     client.py   Запущен клиент Fargo с параметрами: адрес сервера: 127.0.0.1, порт: 7777
22-04-2022 23:20:17 INFO     net_client.py Запущен клиент Fargo с параметрами: адрес сервера: 127.0.0.1, порт: 7777
22-04-2022 23:20:17 INFO     net_client.py Моя попытка №0
22-04-2022 23:20:17 DEBUG    net_client.py Установлено соединение с сервером
22-04-2022 23:20:17 DEBUG    net_client.py Сформировано presence сообщение для пользователя Fargo
22-04-2022 23:20:17 ERROR    net_client.py При установке соединения сервер вернул ошибку: 400 : Имя пользователя уже занято.
22-04-2022 23:20:31 INFO     client.py   Запущен клиент fort с параметрами: адрес сервера: 127.0.0.1, порт: 7777
22-04-2022 23:20:31 INFO     net_client.py Запущен клиент fort с параметрами: адрес сервера: 127.0.0.1, порт: 7777
22-04-2022 23:20:31 INFO     net_client.py Моя попытка №0
22-04-2022 23:20:31 DEBUG    net_client.py Установлено соединение с сервером
22-04-2022 23:20:31 DEBUG    net_client.py Сформировано presence сообщение для пользователя fort
22-04-2022 23:20:31 ERROR    net_client.py При установке соединения сервер вернул ошибку: 400 : Имя пользователя уже занято.
22-04-2022 23:21:14 DEBUG    net_client.py Потеряно соединение с сервером.
22-04-2022 23:21:14 DEBUG    net_client.py Потеряно соединение с сервером.
22-04-2022 23:21:43 INFO     client.py   Запущен клиент Fargo с параметрами: адрес сервера: 127.0.0.1, порт: 7777
22-04-2022 23:21:43 INFO     net_client.py Запущен клиент Fargo с параметрами: адрес сервера: 127.0.0.1, порт: 7777
22-04-2022 23:21:43 INFO     net_client.py Моя попытка №0
22-04-2022 23:21:43 INFO     net_client.py Моя попытка №0 не удалась
22-04-2022 23:21:44 INFO     net_client.py Моя попытка №1
22-04-2022 23:21:44 INFO     net_client.py Моя попытка №1 не удалась
22-04-2022 23:21:45 INFO     net_client.py Моя попытка №2
22-04-2022 23:21:45 INFO     net_client.py Моя попытка №2 не удалась
22-04-2022 23:21:46 INFO     net_client.py Моя попытка №3
22-04-2022 23:21:46 INFO     net_client.py Моя попытка №3 не удалась
22-04-2022 23:21:47 INFO     net_client.py Моя попытка №4
22-04-2022 23:21:47 INFO     net_client.py Моя попытка №4 не удалась
22-04-2022 23:22:17 INFO     client.py   Запущен клиент fargo с параметрами: адрес сервера: 127.0.0.1, порт: 7777
22-04-2022 23:22:17 INFO     net_client.py Запущен клиент fargo с параметрами: адрес сервера: 127.0.0.1, порт: 7777
22-04-2022 23:22:17 INFO     net_client.py Моя попытка №0
22-04-2022 23:22:17 DEBUG    net_client.py Установлено соединение с сервером
22-04-2022 23:22:17 DEBUG    net_client.py Сформировано presence сообщение для пользователя fargo
22-04-2022 23:22:17 INFO     net_client.py Установлено соединение с сервером. Ответ сервера: 200 : OK
22-04-2022 23:22:17 DEBUG    net_client.py Запрос списка известных пользователей fargo
22-04-2022 23:22:18 DEBUG    net_client.py Запрос контакт листа для пользователя Thread-1
22-04-2022 23:22:18 DEBUG    net_client.py Сформирован запрос {'action': 'get_contacts', 'time': 1650644538.3628268, 'user': 'fargo'}
22-04-2022 23:22:18 DEBUG    net_client.py Получен ответ {'response': 202, 'data_list': ['yui']}
22-04-2022 23:22:18 INFO     net_client.py Запущен приём сообщений с сервера.
22-04-2022 23:22:31 INFO     client.py   Запущен клиент fort с параметрами: адрес сервера: 127.0.0.1, порт: 7777
22-04-2022 23:22:31 INFO     net_client.py Запущен клиент fort с параметрами: адрес сервера: 127.0.0.1, порт: 7777
22-04-2022 23:22:31 INFO     net_client.py Моя попытка №0
22-04-2022 23:22:31 DEBUG    net_client.py Установлено соединение с сервером
22-04-2022 23:22:31 DEBUG    net_client.py Сформировано presence сообщение для пользователя fort
22-04-2022 23:22:31 INFO     net_client.py Установлено соединение с сервером. Ответ сервера: 200 : OK
22-04-2022 23:22:31 DEBUG    net_client.py Запрос списка известных пользователей fort
22-04-2022 23:22:32 DEBUG    net_client.py Запрос контакт листа для пользователя Thread-1
22-04-2022 23:22:32 DEBUG    net_client.py Сформирован запрос {'action': 'get_contacts', 'time': 1650644552.4146667, 'user': 'fort'}
22-04-2022 23:22:32 DEBUG    net_client.py Получен ответ {'response': 202, 'data_list': ['Fargo']}
22-04-2022 23:22:32 INFO     net_client.py Запущен приём сообщений с сервера.
22-04-2022 23:22:43 DEBUG    net_client.py Сформирован словарь сообщения: {'action': 'message', 'from': 'fort', 'to': 'Fargo', 'time': 1650644563.0255451, 'mess_text': 'fdgf'}
22-04-2022 23:22:43 INFO     net_client.py Отправлено сообщение для пользователя Fargo
22-04-2022 23:22:44 DEBUG    net_client.py Принято сообщение с сервера: {'response': 400, 'error': 'Такой пользователь отсутствует.'}
22-04-2022 23:23:42 DEBUG    net_client.py Создание контакта fort
22-04-2022 23:23:49 DEBUG    net_client.py Сформирован словарь сообщения: {'action': 'message', 'from': 'fargo', 'to': 'fort', 'time': 1650644629.8840883, 'mess_text': 'fgfdh'}
22-04-2022 23:23:49 INFO     net_client.py Отправлено сообщение для пользователя fort
22-04-2022 23:23:50 DEBUG    net_client.py Принято сообщение с сервера: {'response': 200}
22-04-2022 23:24:10 DEBUG    net_client.py Удаление контакта Fargo
22-04-2022 23:24:10 DEBUG    net_client.py Получено сообщение от пользователя fargo:fgfdh
22-04-2022 23:24:17 DEBUG    net_client.py Создание контакта fargo
22-04-2022 23:25:27 INFO     client.py   Запущен клиент Fart с параметрами: адрес сервера: 127.0.0.1, порт: 7777
22-04-2022 23:25:27 INFO     net_client.py Запущен клиент Fart с параметрами: адрес сервера: 127.0.0.1, порт: 7777
22-04-2022 23:25:27 INFO     net_client.py Моя попытка №0
22-04-2022 23:25:27 DEBUG    net_client.py Установлено соединение с сервером
22-04-2022 23:25:27 DEBUG    net_client.py Сформировано presence сообщение для пользователя Fart
22-04-2022 23:25:42 DEBUG    net_client.py Потеряно соединение с сервером.
22-04-2022 23:26:08 INFO     client.py   Запущен клиент Fargo с параметрами: адрес сервера: 127.0.0.1, порт: 7777
22-04-2022 23:26:08 INFO     net_client.py Запущен клиент Fargo с параметрами: адрес сервера: 127.0.0.1, порт: 7777
22-04-2022 23:26:08 INFO     net_client.py Моя попытка №0
22-04-2022 23:26:08 DEBUG    net_client.py Установлено соединение с сервером
22-04-2022 23:26:08 DEBUG    net_client.py Сформировано presence сообщение для пользователя Fargo
22-04-2022 23:26:08 INFO     net_client.py Установлено соединение с сервером. Ответ сервера: 200 : OK
22-04-2022 23:26:08 DEBUG    net_client.py Запрос списка известных пользователей Fargo
22-04-2022 23:26:09 DEBUG    net_client.py Запрос контакт листа для пользователя Thread-1
22-04-2022 23:26:09 DEBUG    net_client.py Сформирован запрос {'action': 'get_contacts', 'time': 1650644769.3074193, 'user': 'Fargo'}
22-04-2022 23:26:09 DEBUG    net_client.py Получен ответ {'response': 202, 'data_list': []}
22-04-2022 23:26:09 INFO     net_client.py Запущен приём сообщений с сервера.
22-04-2022 23:26:21 INFO     client.py   Запущен клиент fort с параметрами: адрес сервера: 127.0.0.1, порт: 7777
22-04-2022 23:26:21 INFO     net_client.py Запущен клиент fort с параметрами: адрес сервера: 127.0.0.1, порт: 7777
22-04-2022 23:26:21 INFO     net_client.py Моя попытка №0
22-04-2022 23:26:21 DEBUG    net_client.py Установлено соединение с сервером
22-04-2022 23:26:21 DEBUG    net_client.py Сформировано presence сообщение для пользователя fort
22-04-2022 23:26:21 INFO     net_client.py Установлено соединение с сервером. Ответ сервера: 200 : OK
22-04-2022 23:26:21 DEBUG    net_client.py Запрос списка известных пользователей fort
22-04-2022 23:26:21 DEBUG    net_client.py Запрос контакт листа для пользователя Thread-1
22-04-2022 23:26:21 DEBUG    net_client.py Сформирован запрос {'action': 'get_contacts', 'time': 1650644781.7951105, 'user': 'fort'}
22-04-2022 23:26:22 DEBUG    net_client.py Получен ответ {'response': 202, 'data_list': ['Fargo']}
22-04-2022 23:26:22 INFO     net_client.py Запущен приём сообщений с сервера.
22-04-2022 23:26:33 DEBUG    net_client.py Сформирован словарь сообщения: {'action': 'message', 'from': 'fort', 'to': 'Fargo', 'time': 1650644793.6234314, 'mess_text': 'fgdfgdf'}
22-04-2022 23:26:33 INFO     net_client.py Отправлено сообщение для пользователя Fargo
22-04-2022 23:26:33 DEBUG    net_client.py Принято сообщение с сервера: {'response': 200}
22-04-2022 23:26:33 DEBUG    net_client.py Принято сообщение с сервера: {'action': 'message', 'from': 'fort', 'to': 'Fargo', 'time': 1650644793.6234314, 'mess_text': 'fgdfgdf'}
22-04-2022 23:26:33 DEBUG    net_client.py Получено сообщение от пользователя fort:fgdfgdf
22-04-2022 23:26:37 DEBUG    net_client.py Создание контакта fort
22-04-2022 23:26:47 DEBUG    net_client.py Сформирован словарь сообщения: {'action': 'message', 'from': 'Fargo', 'to': 'fort', 'time': 1650644807.7107847, 'mess_text': 'gfhhfgh'}
22-04-2022 23:26:47 INFO     net_client.py Отправлено сообщение для пользователя fort
22-04-2022 23:26:48 DEBUG    net_client.py Принято сообщение с сервера: {'action': 'message', 'from': 'Fargo', 'to': 'fort', 'time': 1650644807.7107847, 'mess_text': 'gfhhfgh'}
22-04-2022 23:26:48 DEBUG    net_client.py Получено сообщение от пользователя Fargo:gfhhfgh
22-04-2022 23:26:48 DEBUG    net_client.py Принято сообщение с сервера: {'response': 200}
