25-03-2022 00:10:03 INFO     decor_1.py  Обращение к функции bye, с аргументами 'andry', 'kevin', 'goblin', ODKB='NATO', Russia='Europa', China='West'
25-03-2022 00:10:03 INFO     decor_1.py  Обращение к функции hello, с аргументами 'name'
25-03-2022 00:10:03 INFO     decor_1.py  Обращение к функции hi, с аргументами 'my friends'
25-03-2022 00:11:13 INFO     decor_1.py  Обращение к функции bye, с аргументами 'andry', 'kevin', 'goblin', ODKB='NATO', Russia='Europa', China='West'
25-03-2022 00:11:13 INFO     decor_1.py  Обращение к функции hello, с аргументами 'name'
25-03-2022 00:11:13 INFO     decor_1.py  Обращение к функции hi, с аргументами 'my friends'
25-03-2022 00:13:06 INFO     decor_1.py  Обращение к функции bye, с аргументами 'andry', 'kevin', 'goblin', ODKB='NATO', Russia='Europa', China='West'
25-03-2022 00:13:23 INFO     decor_1.py  Обращение к функции bye, с аргументами 'andry', 'kevin', 'goblin', ODKB='NATO', Russia='Europa', China='West'
25-03-2022 00:13:23 INFO     decor_1.py  Обращение к функции hello, с аргументами 'name'
25-03-2022 00:13:23 INFO     decor_1.py  Обращение к функции hi, с аргументами 'my friends'
25-03-2022 00:15:41 INFO     decor_1.py  Обращение к функции bye, с аргументами 'andry', 'kevin', 'goblin', ODKB='NATO', Russia='Europa', China='West'
25-03-2022 00:15:41 INFO     decor_1.py  Обращение к функции hello, с аргументами 'name'
25-03-2022 00:15:41 INFO     decor_1.py  Обращение к функции hi, с аргументами 'my friends'
25-03-2022 00:16:21 INFO     decor_1.py  Обращение к функции bye, с аргументами 'andry', 'kevin', 'goblin', ODKB='NATO', Russia='Europa', China='West'
25-03-2022 00:16:21 INFO     decor_1.py  Обращение к функции hello, с аргументами 'name'
25-03-2022 00:16:21 INFO     decor_1.py  Обращение к функции hi, с аргументами 'my friends'
25-03-2022 00:17:24 INFO     decor_1.py  Обращение к функции bye, с аргументами 'andry', 'kevin', 'goblin', ODKB='NATO', Russia='Europa', China='West'
25-03-2022 00:17:24 INFO     decor_1.py  Обращение к функции hello, с аргументами 'name'
25-03-2022 00:17:24 INFO     decor_1.py  Обращение к функции hi, с аргументами 'my friends'
25-03-2022 00:18:47 INFO     decor_1.py  Обращение к функции bye, с аргументами 'andry', 'kevin', 'goblin', ODKB='NATO', Russia='Europa', China='West'
25-03-2022 00:18:47 INFO     decor_1.py  Обращение к функции hello, с аргументами 'name'
25-03-2022 00:18:47 INFO     decor_1.py  Обращение к функции hi, с аргументами 'my friends'
25-03-2022 00:19:20 INFO     decor_1.py  Обращение к функции bye, с аргументами 'andry', 'kevin', 'goblin', ODKB='NATO', Russia='Europa', China='West'
25-03-2022 00:19:20 INFO     decor_1.py  Обращение к функции hello, с аргументами 'name'
25-03-2022 00:19:20 INFO     decor_1.py  Обращение к функции hi, с аргументами 'my friends'
25-03-2022 00:22:29 INFO     decor_1.py  Обращение к функции bye, с аргументами 'andry', 'kevin', 'goblin', ODKB='NATO', Russia='Europa', China='West'
25-03-2022 00:22:29 INFO     decor_1.py  Обращение к функции hello, с аргументами 'name'
25-03-2022 00:22:29 INFO     decor_1.py  Обращение к функции hi, с аргументами 'my friends'
25-03-2022 00:22:29 INFO     decor_1.py  Обращение к функции bye, с аргументами 'andry', 'kevin', 'goblin', ODKB='NATO', Russia='Europa', China='West'
25-03-2022 00:27:08 INFO     decor_1.py  Обращение к функции bye, с аргументами ('andry', 'kevin', 'goblin', ODKB='NATO', Russia='Europa', China='West')
25-03-2022 00:27:08 INFO     decor_1.py  Обращение к функции hello, с аргументами ('name')
25-03-2022 00:27:08 INFO     decor_1.py  Обращение к функции hi, с аргументами 'my friends'
25-03-2022 00:27:08 INFO     decor_1.py  Обращение к функции bye, с аргументами 'andry', 'kevin', 'goblin', ODKB='NATO', Russia='Europa', China='West'
