01-04-2022 21:42:15 INFO     server.py   Установлено соединение с клиентом: ('127.0.0.1', 52736)
01-04-2022 21:42:15 INFO     server.py   Установлено соединение с клиентом: ('127.0.0.1', 52738)
01-04-2022 21:42:15 DEBUG    server.py   Анализ входящего сообщения
01-04-2022 21:42:15 INFO     server.py   Сообщение от клиента прошло валидацию
01-04-2022 21:42:15 INFO     server.py   Поприветствуйте новичка recipient1
01-04-2022 21:42:16 INFO     server.py   Установлено соединение с клиентом: ('127.0.0.1', 52740)
01-04-2022 21:42:16 DEBUG    server.py   Анализ входящего сообщения
01-04-2022 21:42:16 INFO     server.py   Сообщение от клиента прошло валидацию
01-04-2022 21:42:16 INFO     server.py   Поприветствуйте новичка recipient2
01-04-2022 21:42:16 INFO     server.py   Установлено соединение с клиентом: ('127.0.0.1', 52742)
01-04-2022 21:42:16 DEBUG    server.py   Анализ входящего сообщения
01-04-2022 21:42:16 INFO     server.py   Сообщение от клиента прошло валидацию
01-04-2022 21:42:16 INFO     server.py   Поприветствуйте новичка recipient3
01-04-2022 21:42:16 INFO     server.py   Установлено соединение с клиентом: ('127.0.0.1', 52744)
01-04-2022 21:42:16 DEBUG    server.py   Анализ входящего сообщения
01-04-2022 21:42:16 INFO     server.py   Сообщение от клиента прошло валидацию
01-04-2022 21:42:16 INFO     server.py   Поприветствуйте новичка recipient4
01-04-2022 21:42:16 INFO     server.py   Установлено соединение с клиентом: ('127.0.0.1', 52746)
01-04-2022 21:42:16 DEBUG    server.py   Анализ входящего сообщения
01-04-2022 21:42:16 INFO     server.py   Сообщение от клиента прошло валидацию
01-04-2022 21:42:16 INFO     server.py   Поприветствуйте новичка recipient5
01-04-2022 21:42:17 INFO     server.py   Cоединение не установлено, время для подключения истекло
01-04-2022 21:42:17 DEBUG    server.py   Анализ входящего сообщения
01-04-2022 21:42:17 INFO     server.py   Сообщение от клиента прошло валидацию
01-04-2022 21:42:17 INFO     server.py   Поприветствуйте новичка sender1
01-04-2022 21:42:17 INFO     server.py   Cоединение не установлено, время для подключения истекло
01-04-2022 21:42:18 INFO     server.py   Cоединение не установлено, время для подключения истекло
01-04-2022 21:42:18 INFO     server.py   Cоединение не установлено, время для подключения истекло
01-04-2022 21:42:19 INFO     server.py   Cоединение не установлено, время для подключения истекло
01-04-2022 21:42:19 INFO     server.py   Cоединение не установлено, время для подключения истекло
01-04-2022 21:42:20 INFO     server.py   Cоединение не установлено, время для подключения истекло
01-04-2022 21:42:20 INFO     server.py   Cоединение не установлено, время для подключения истекло
01-04-2022 21:42:21 INFO     server.py   Cоединение не установлено, время для подключения истекло
01-04-2022 21:42:21 INFO     server.py   Cоединение не установлено, время для подключения истекло
01-04-2022 21:42:22 INFO     server.py   Cоединение не установлено, время для подключения истекло
01-04-2022 21:42:22 INFO     server.py   Cоединение не установлено, время для подключения истекло
01-04-2022 21:42:23 INFO     server.py   Cоединение не установлено, время для подключения истекло
01-04-2022 21:42:23 INFO     server.py   Cоединение не установлено, время для подключения истекло
01-04-2022 21:42:24 INFO     server.py   Cоединение не установлено, время для подключения истекло
01-04-2022 21:42:24 INFO     server.py   Cоединение не установлено, время для подключения истекло
01-04-2022 21:42:25 INFO     server.py   Cоединение не установлено, время для подключения истекло
01-04-2022 21:42:25 INFO     server.py   Cоединение не установлено, время для подключения истекло
01-04-2022 21:42:26 INFO     server.py   Cоединение не установлено, время для подключения истекло
01-04-2022 21:42:26 INFO     server.py   Cоединение не установлено, время для подключения истекло
01-04-2022 21:42:27 INFO     server.py   Cоединение не установлено, время для подключения истекло
01-04-2022 21:42:27 INFO     server.py   Cоединение не установлено, время для подключения истекло
01-04-2022 21:42:28 INFO     server.py   Cоединение не установлено, время для подключения истекло
01-04-2022 21:42:28 INFO     server.py   Cоединение не установлено, время для подключения истекло
01-04-2022 21:42:29 INFO     server.py   Cоединение не установлено, время для подключения истекло
01-04-2022 21:42:29 INFO     server.py   Cоединение не установлено, время для подключения истекло
01-04-2022 21:42:30 INFO     server.py   Cоединение не установлено, время для подключения истекло
01-04-2022 21:42:30 INFO     server.py   Cоединение не установлено, время для подключения истекло
01-04-2022 21:42:31 INFO     server.py   Cоединение не установлено, время для подключения истекло
01-04-2022 21:42:31 INFO     server.py   Cоединение не установлено, время для подключения истекло
01-04-2022 21:42:32 INFO     server.py   Cоединение не установлено, время для подключения истекло
01-04-2022 21:42:32 INFO     server.py   Cоединение не установлено, время для подключения истекло
01-04-2022 21:42:33 INFO     server.py   Cоединение не установлено, время для подключения истекло
01-04-2022 21:42:33 INFO     server.py   Cоединение не установлено, время для подключения истекло
01-04-2022 21:42:34 INFO     server.py   Cоединение не установлено, время для подключения истекло
01-04-2022 21:42:34 INFO     server.py   Cоединение не установлено, время для подключения истекло
01-04-2022 21:42:35 INFO     server.py   Cоединение не установлено, время для подключения истекло
01-04-2022 21:42:35 INFO     server.py   Cоединение не установлено, время для подключения истекло
01-04-2022 21:42:36 INFO     server.py   Cоединение не установлено, время для подключения истекло
01-04-2022 21:42:36 INFO     server.py   Cоединение не установлено, время для подключения истекло
01-04-2022 21:42:37 INFO     server.py   Cоединение не установлено, время для подключения истекло
01-04-2022 21:42:37 INFO     server.py   Cоединение не установлено, время для подключения истекло
01-04-2022 21:42:38 INFO     server.py   Cоединение не установлено, время для подключения истекло
01-04-2022 21:42:38 INFO     server.py   Cоединение не установлено, время для подключения истекло
01-04-2022 21:42:39 INFO     server.py   Cоединение не установлено, время для подключения истекло
01-04-2022 21:42:39 INFO     server.py   Cоединение не установлено, время для подключения истекло
01-04-2022 21:42:40 INFO     server.py   Cоединение не установлено, время для подключения истекло
01-04-2022 21:42:40 INFO     server.py   Cоединение не установлено, время для подключения истекло
01-04-2022 21:42:41 INFO     server.py   Cоединение не установлено, время для подключения истекло
01-04-2022 21:42:41 INFO     server.py   Cоединение не установлено, время для подключения истекло
01-04-2022 21:42:42 INFO     server.py   Cоединение не установлено, время для подключения истекло
01-04-2022 21:42:42 INFO     server.py   Cоединение не установлено, время для подключения истекло
01-04-2022 21:42:43 INFO     server.py   Cоединение не установлено, время для подключения истекло
01-04-2022 21:42:43 INFO     server.py   Cоединение не установлено, время для подключения истекло
01-04-2022 21:42:44 INFO     server.py   Cоединение не установлено, время для подключения истекло
01-04-2022 21:42:44 INFO     server.py   Cоединение не установлено, время для подключения истекло
01-04-2022 21:42:45 INFO     server.py   Cоединение не установлено, время для подключения истекло
01-04-2022 21:42:45 INFO     server.py   Cоединение не установлено, время для подключения истекло
01-04-2022 21:42:46 INFO     server.py   Cоединение не установлено, время для подключения истекло
01-04-2022 21:42:46 INFO     server.py   Cоединение не установлено, время для подключения истекло
01-04-2022 21:42:47 INFO     server.py   Cоединение не установлено, время для подключения истекло
01-04-2022 21:42:47 INFO     server.py   Cоединение не установлено, время для подключения истекло
01-04-2022 21:42:48 INFO     server.py   Cоединение не установлено, время для подключения истекло
01-04-2022 21:42:48 INFO     server.py   Cоединение не установлено, время для подключения истекло
01-04-2022 21:42:49 INFO     server.py   Cоединение не установлено, время для подключения истекло
01-04-2022 21:42:49 INFO     server.py   Cоединение не установлено, время для подключения истекло
01-04-2022 21:42:50 INFO     server.py   Cоединение не установлено, время для подключения истекло
01-04-2022 21:42:50 INFO     server.py   Cоединение не установлено, время для подключения истекло
01-04-2022 21:42:51 INFO     server.py   Cоединение не установлено, время для подключения истекло
01-04-2022 21:42:51 INFO     server.py   Cоединение не установлено, время для подключения истекло
01-04-2022 21:42:52 INFO     server.py   Cоединение не установлено, время для подключения истекло
01-04-2022 21:42:52 INFO     server.py   Cоединение не установлено, время для подключения истекло
01-04-2022 21:42:53 INFO     server.py   Cоединение не установлено, время для подключения истекло
01-04-2022 21:42:53 INFO     server.py   Cоединение не установлено, время для подключения истекло
01-04-2022 21:42:54 INFO     server.py   Cоединение не установлено, время для подключения истекло
01-04-2022 21:42:54 INFO     server.py   Cоединение не установлено, время для подключения истекло
01-04-2022 21:42:55 INFO     server.py   Cоединение не установлено, время для подключения истекло
01-04-2022 21:42:55 INFO     server.py   Cоединение не установлено, время для подключения истекло
01-04-2022 21:42:56 INFO     server.py   Cоединение не установлено, время для подключения истекло
01-04-2022 21:42:56 INFO     server.py   Cоединение не установлено, время для подключения истекло
01-04-2022 21:42:57 INFO     server.py   Cоединение не установлено, время для подключения истекло
01-04-2022 21:42:57 INFO     server.py   Cоединение не установлено, время для подключения истекло
01-04-2022 21:42:58 INFO     server.py   Cоединение не установлено, время для подключения истекло
01-04-2022 21:42:58 INFO     server.py   Cоединение не установлено, время для подключения истекло
01-04-2022 21:42:59 INFO     server.py   Cоединение не установлено, время для подключения истекло
01-04-2022 21:42:59 INFO     server.py   Cоединение не установлено, время для подключения истекло
01-04-2022 21:43:00 INFO     server.py   Cоединение не установлено, время для подключения истекло
01-04-2022 21:43:00 INFO     server.py   Cоединение не установлено, время для подключения истекло
01-04-2022 21:43:01 INFO     server.py   Cоединение не установлено, время для подключения истекло
01-04-2022 21:43:01 INFO     server.py   Cоединение не установлено, время для подключения истекло
01-04-2022 21:43:02 INFO     server.py   Cоединение не установлено, время для подключения истекло
01-04-2022 21:43:02 INFO     server.py   Cоединение не установлено, время для подключения истекло
01-04-2022 21:43:03 INFO     server.py   Cоединение не установлено, время для подключения истекло
01-04-2022 21:43:03 INFO     server.py   Cоединение не установлено, время для подключения истекло
01-04-2022 21:43:04 INFO     server.py   Cоединение не установлено, время для подключения истекло
01-04-2022 21:43:04 INFO     server.py   Cоединение не установлено, время для подключения истекло
01-04-2022 21:43:05 INFO     server.py   Cоединение не установлено, время для подключения истекло
01-04-2022 21:43:05 INFO     server.py   Cоединение не установлено, время для подключения истекло
01-04-2022 21:43:06 INFO     server.py   Cоединение не установлено, время для подключения истекло
01-04-2022 21:43:06 INFO     server.py   Cоединение не установлено, время для подключения истекло
01-04-2022 21:43:07 INFO     server.py   Cоединение не установлено, время для подключения истекло
01-04-2022 21:43:07 INFO     server.py   Cоединение не установлено, время для подключения истекло
01-04-2022 21:43:08 INFO     server.py   Cоединение не установлено, время для подключения истекло
01-04-2022 21:43:08 INFO     server.py   Cоединение не установлено, время для подключения истекло
01-04-2022 21:43:09 INFO     server.py   Cоединение не установлено, время для подключения истекло
01-04-2022 21:43:09 INFO     server.py   Cоединение не установлено, время для подключения истекло
01-04-2022 21:43:10 INFO     server.py   Cоединение не установлено, время для подключения истекло
01-04-2022 21:43:10 INFO     server.py   Cоединение не установлено, время для подключения истекло
01-04-2022 21:43:11 INFO     server.py   Cоединение не установлено, время для подключения истекло
01-04-2022 21:43:11 INFO     server.py   Cоединение не установлено, время для подключения истекло
01-04-2022 21:43:12 INFO     server.py   Cоединение не установлено, время для подключения истекло
01-04-2022 21:43:12 INFO     server.py   Cоединение не установлено, время для подключения истекло
01-04-2022 21:43:13 INFO     server.py   Cоединение не установлено, время для подключения истекло
01-04-2022 21:43:13 INFO     server.py   Cоединение не установлено, время для подключения истекло
01-04-2022 21:43:14 INFO     server.py   Cоединение не установлено, время для подключения истекло
01-04-2022 21:43:14 INFO     server.py   Cоединение не установлено, время для подключения истекло
01-04-2022 21:43:15 INFO     server.py   Cоединение не установлено, время для подключения истекло
01-04-2022 21:43:15 INFO     server.py   Cоединение не установлено, время для подключения истекло
01-04-2022 21:43:16 INFO     server.py   Cоединение не установлено, время для подключения истекло
01-04-2022 21:43:16 INFO     server.py   Cоединение не установлено, время для подключения истекло
01-04-2022 21:43:17 INFO     server.py   Cоединение не установлено, время для подключения истекло
01-04-2022 21:43:17 INFO     server.py   Cоединение не установлено, время для подключения истекло
01-04-2022 21:43:18 INFO     server.py   Cоединение не установлено, время для подключения истекло
01-04-2022 21:43:18 INFO     server.py   Cоединение не установлено, время для подключения истекло
01-04-2022 21:43:19 INFO     server.py   Cоединение не установлено, время для подключения истекло
01-04-2022 21:43:19 INFO     server.py   Cоединение не установлено, время для подключения истекло
01-04-2022 21:43:20 INFO     server.py   Cоединение не установлено, время для подключения истекло
01-04-2022 21:43:20 INFO     server.py   Cоединение не установлено, время для подключения истекло
01-04-2022 21:43:21 INFO     server.py   Cоединение не установлено, время для подключения истекло
01-04-2022 21:43:21 INFO     server.py   Cоединение не установлено, время для подключения истекло
01-04-2022 21:43:22 INFO     server.py   Cоединение не установлено, время для подключения истекло
01-04-2022 21:43:22 INFO     server.py   Cоединение не установлено, время для подключения истекло
01-04-2022 21:43:23 INFO     server.py   Cоединение не установлено, время для подключения истекло
01-04-2022 21:43:23 INFO     server.py   Cоединение не установлено, время для подключения истекло
01-04-2022 21:43:24 INFO     server.py   Cоединение не установлено, время для подключения истекло
01-04-2022 21:43:24 INFO     server.py   Cоединение не установлено, время для подключения истекло
01-04-2022 21:43:24 DEBUG    server.py   Анализ входящего сообщения
01-04-2022 21:43:24 INFO     server.py   Клиент sender1 прислал сообщение gfjgfj
01-04-2022 21:43:25 INFO     server.py   Cоединение не установлено, время для подключения истекло
01-04-2022 21:43:25 INFO     server.py   Cоединение не установлено, время для подключения истекло
01-04-2022 21:43:26 INFO     server.py   Cоединение не установлено, время для подключения истекло
01-04-2022 21:43:26 INFO     server.py   Cоединение не установлено, время для подключения истекло
01-04-2022 21:43:27 INFO     server.py   Cоединение не установлено, время для подключения истекло
01-04-2022 21:43:28 INFO     server.py   Cоединение не установлено, время для подключения истекло
01-04-2022 21:43:28 INFO     server.py   Cоединение не установлено, время для подключения истекло
01-04-2022 21:43:29 INFO     server.py   Cоединение не установлено, время для подключения истекло
